#
# There is insufficient memory for the Java Runtime Environment to continue.
# Native memory allocation (malloc) failed to allocate 37056 bytes for Chunk::new
# Possible reasons:
#   The system is out of physical RAM or swap space
#   In 32 bit mode, the process size limit was hit
# Possible solutions:
#   Reduce memory load on the system
#   Increase physical memory or swap space
#   Check if swap backing store is full
#   Use 64 bit Java on a 64 bit OS
#   Decrease Java heap size (-Xmx/-Xms)
#   Decrease number of Java threads
#   Decrease Java thread stack sizes (-Xss)
#   Set larger code cache with -XX:ReservedCodeCacheSize=
# This output file may be truncated or incomplete.
#
#  Out of Memory Error (allocation.cpp:390), pid=12512, tid=20264
#
# JRE version: Java(TM) SE Runtime Environment (8.0_40-b26) (build 1.8.0_40-b26)
# Java VM: Java HotSpot(TM) 64-Bit Server VM (25.40-b25 mixed mode windows-amd64 compressed oops)
# Failed to write core dump. Minidumps are not enabled by default on client versions of Windows
#

---------------  T H R E A D  ---------------

Current thread (0x0000000016c67800):  JavaThread "C2 CompilerThread0" daemon [_thread_in_native, id=20264, stack(0x0000000017240000,0x0000000017340000)]

Stack: [0x0000000017240000,0x0000000017340000]
Native frames: (J=compiled Java code, j=interpreted, Vv=VM code, C=native code)
V  [jvm.dll+0x32b47a]
V  [jvm.dll+0x2797f3]
V  [jvm.dll+0x27a489]
V  [jvm.dll+0x2717a5]
V  [jvm.dll+0xcb9a2]
V  [jvm.dll+0xcbe6c]
V  [jvm.dll+0x4b94c8]
V  [jvm.dll+0x46b6b5]
V  [jvm.dll+0x46ccbe]
V  [jvm.dll+0x4500d2]
V  [jvm.dll+0xa4312]
V  [jvm.dll+0xa4c4f]
V  [jvm.dll+0x241914]
V  [jvm.dll+0x29848a]
C  [msvcr100.dll+0x21d9f]
C  [msvcr100.dll+0x21e3b]
C  [KERNEL32.DLL+0x13d2]
C  [ntdll.dll+0x154e4]


Current CompileTask:
C2:   2304 1602       4       com.android.dx.ssa.SsaMethod::forEachBlockDepthFirst (194 bytes)


---------------  P R O C E S S  ---------------

Java Threads: ( => current thread )
  0x0000000016cfb000 JavaThread "Service Thread" daemon [_thread_blocked, id=3428, stack(0x0000000017640000,0x0000000017740000)]
  0x0000000016c75000 JavaThread "C1 CompilerThread3" daemon [_thread_in_vm, id=22880, stack(0x0000000017540000,0x0000000017640000)]
  0x0000000016c6f800 JavaThread "C2 CompilerThread2" daemon [_thread_in_native, id=21448, stack(0x0000000017440000,0x0000000017540000)]
  0x0000000016c6b800 JavaThread "C2 CompilerThread1" daemon [_thread_in_native, id=19432, stack(0x0000000017340000,0x0000000017440000)]
=>0x0000000016c67800 JavaThread "C2 CompilerThread0" daemon [_thread_in_native, id=20264, stack(0x0000000017240000,0x0000000017340000)]
  0x0000000016c65800 JavaThread "Attach Listener" daemon [_thread_blocked, id=23192, stack(0x0000000017140000,0x0000000017240000)]
  0x0000000016c64800 JavaThread "Signal Dispatcher" daemon [_thread_blocked, id=21860, stack(0x0000000017040000,0x0000000017140000)]
  0x0000000002139800 JavaThread "Finalizer" daemon [_thread_blocked, id=4924, stack(0x0000000016b30000,0x0000000016c30000)]
  0x0000000014c5d800 JavaThread "Reference Handler" daemon [_thread_blocked, id=15832, stack(0x0000000016a30000,0x0000000016b30000)]
  0x0000000001eed800 JavaThread "main" [_thread_in_Java, id=22996, stack(0x0000000001f40000,0x0000000002040000)]

Other Threads:
  0x0000000014c59000 VMThread [stack: 0x0000000016930000,0x0000000016a30000] [id=5800]
  0x0000000016cfe000 WatcherThread [stack: 0x0000000017740000,0x0000000017840000] [id=21528]

VM state:not at safepoint (normal execution)

VM Mutex/Monitor currently owned by a thread: None

Heap:
 PSYoungGen      total 76288K, used 17809K [0x00000000eab00000, 0x00000000f4000000, 0x0000000100000000)
  eden space 65536K, 10% used [0x00000000eab00000,0x00000000eb1e95b8,0x00000000eeb00000)
  from space 10752K, 99% used [0x00000000eeb00000,0x00000000ef57b028,0x00000000ef580000)
  to   space 10752K, 0% used [0x00000000f3580000,0x00000000f3580000,0x00000000f4000000)
 ParOldGen       total 175104K, used 750K [0x00000000c0000000, 0x00000000cab00000, 0x00000000eab00000)
  object space 175104K, 0% used [0x00000000c0000000,0x00000000c00bb8b0,0x00000000cab00000)
 Metaspace       used 5895K, capacity 7024K, committed 7296K, reserved 1056768K
  class space    used 574K, capacity 616K, committed 640K, reserved 1048576K

Card table byte_map: [0x0000000011500000,0x0000000011710000] byte_map_base: 0x0000000010f00000

Marking Bits: (ParMarkBitMap*) 0x0000000066ea4040
 Begin Bits: [0x0000000012070000, 0x0000000013070000)
 End Bits:   [0x0000000013070000, 0x0000000014070000)

Polling page: 0x00000000008f0000

CodeCache: size=245760Kb used=7234Kb max_used=7245Kb free=238525Kb
 bounds [0x0000000002140000, 0x0000000002860000, 0x0000000011140000]
 total_blobs=1843 nmethods=1577 adapters=178
 compilation: enabled

Compilation events (10 events):
Event: 2.267 Thread 0x0000000016c6f800 1596       4       com.android.dx.util.IntList::shrink (42 bytes)
Event: 2.268 Thread 0x0000000016c6f800 nmethod 1596 0x00000000027df1d0 code [0x00000000027df300, 0x00000000027df3b8]
Event: 2.268 Thread 0x0000000016c75000 1597       3       com.android.dx.dex.file.AnnotationItem::<init> (41 bytes)
Event: 2.269 Thread 0x0000000016c75000 nmethod 1597 0x00000000027e8510 code [0x00000000027e86c0, 0x00000000027e8cd8]
Event: 2.269 Thread 0x0000000016c75000 1598       3       com.android.dx.dex.file.AnnotationItem::addContents (27 bytes)
Event: 2.269 Thread 0x0000000016c75000 nmethod 1598 0x00000000027e7ed0 code [0x00000000027e8040, 0x00000000027e83f8]
Event: 2.269 Thread 0x0000000016c67800 1599       4       com.android.dx.rop.code.RegisterSpecSet::localItemToSpec (49 bytes)
Event: 2.273 Thread 0x0000000016c6f800 1600   !   4       com.android.dx.rop.type.Type::intern (319 bytes)
Event: 2.275 Thread 0x0000000016c67800 nmethod 1599 0x00000000027e73d0 code [0x00000000027e7520, 0x00000000027e7978]
Event: 2.275 Thread 0x0000000016c67800 1602       4       com.android.dx.ssa.SsaMethod::forEachBlockDepthFirst (194 bytes)

GC Heap History (2 events):
Event: 1.854 GC heap before
{Heap before GC invocations=1 (full 0):
 PSYoungGen      total 76288K, used 65536K [0x00000000eab00000, 0x00000000f0000000, 0x0000000100000000)
  eden space 65536K, 100% used [0x00000000eab00000,0x00000000eeb00000,0x00000000eeb00000)
  from space 10752K, 0% used [0x00000000ef580000,0x00000000ef580000,0x00000000f0000000)
  to   space 10752K, 0% used [0x00000000eeb00000,0x00000000eeb00000,0x00000000ef580000)
 ParOldGen       total 175104K, used 0K [0x00000000c0000000, 0x00000000cab00000, 0x00000000eab00000)
  object space 175104K, 0% used [0x00000000c0000000,0x00000000c0000000,0x00000000cab00000)
 Metaspace       used 5888K, capacity 7024K, committed 7296K, reserved 1056768K
  class space    used 574K, capacity 616K, committed 640K, reserved 1048576K
Event: 2.055 GC heap after
Heap after GC invocations=1 (full 0):
 PSYoungGen      total 76288K, used 10732K [0x00000000eab00000, 0x00000000f4000000, 0x0000000100000000)
  eden space 65536K, 0% used [0x00000000eab00000,0x00000000eab00000,0x00000000eeb00000)
  from space 10752K, 99% used [0x00000000eeb00000,0x00000000ef57b028,0x00000000ef580000)
  to   space 10752K, 0% used [0x00000000f3580000,0x00000000f3580000,0x00000000f4000000)
 ParOldGen       total 175104K, used 750K [0x00000000c0000000, 0x00000000cab00000, 0x00000000eab00000)
  object space 175104K, 0% used [0x00000000c0000000,0x00000000c00bb8b0,0x00000000cab00000)
 Metaspace       used 5888K, capacity 7024K, committed 7296K, reserved 1056768K
  class space    used 574K, capacity 616K, committed 640K, reserved 1048576K
}

Deoptimization events (10 events):
Event: 1.086 Thread 0x0000000001eed800 Uncommon trap: reason=unstable_if action=reinterpret pc=0x000000000239bf48 method=java.util.HashMap.getNode(ILjava/lang/Object;)Ljava/util/HashMap$Node; @ 84
Event: 1.086 Thread 0x0000000001eed800 Uncommon trap: reason=unstable_if action=reinterpret pc=0x00000000023389fc method=java.util.HashMap.getNode(ILjava/lang/Object;)Ljava/util/HashMap$Node; @ 84
Event: 1.093 Thread 0x0000000001eed800 Uncommon trap: reason=class_check action=maybe_recompile pc=0x00000000025f21e4 method=java.util.HashMap.putVal(ILjava/lang/Object;Ljava/lang/Object;ZZ)Ljava/lang/Object; @ 203
Event: 1.244 Thread 0x0000000001eed800 Uncommon trap: reason=unstable_if action=reinterpret pc=0x000000000254443c method=com.android.dx.util.IntList.binarysearch(I)I @ 105
Event: 1.245 Thread 0x0000000001eed800 Uncommon trap: reason=unstable_if action=reinterpret pc=0x0000000002543c78 method=com.android.dx.cf.code.Ropper.labelToResultIndex(I)I @ 34
Event: 1.518 Thread 0x0000000001eed800 Uncommon trap: reason=unstable_if action=reinterpret pc=0x0000000002783dd8 method=java.util.HashMap.putVal(ILjava/lang/Object;Ljava/lang/Object;ZZ)Ljava/lang/Object; @ 109
Event: 1.716 Thread 0x0000000001eed800 Uncommon trap: reason=class_check action=maybe_recompile pc=0x00000000027a0d08 method=com.android.dx.rop.code.RegisterSpec.withSimpleType()Lcom/android/dx/rop/code/RegisterSpec; @ 21
Event: 1.716 Thread 0x0000000001eed800 Uncommon trap: reason=class_check action=maybe_recompile pc=0x00000000027a0d08 method=com.android.dx.rop.code.RegisterSpec.withSimpleType()Lcom/android/dx/rop/code/RegisterSpec; @ 21
Event: 2.115 Thread 0x0000000001eed800 Uncommon trap: reason=unstable_if action=reinterpret pc=0x0000000002801c0c method=com.android.dx.cf.code.BytecodeArray.parseInstruction(ILcom/android/dx/cf/code/BytecodeArray$Visitor;)I @ 1261
Event: 2.123 Thread 0x0000000001eed800 Uncommon trap: reason=unstable_if action=reinterpret pc=0x000000000279fca8 method=com.android.dx.rop.code.RegisterSpec.equals(ILcom/android/dx/rop/type/TypeBearer;Lcom/android/dx/rop/code/LocalItem;)Z @ 42

Internal exceptions (6 events):
Event: 0.061 Thread 0x0000000001eed800 Exception <a 'java/lang/NoSuchMethodError': Method sun.misc.Unsafe.defineClass(Ljava/lang/String;[BII)Ljava/lang/Class; name or signature does not match> (0x00000000eab0d918) thrown at [D:\re\workspace\8-2-build-windows-amd64-cygwin\jdk8u40\3098\hotspot\sr~õ°ˆþ€¯?
Event: 0.062 Thread 0x0000000001eed800 Exception <a 'java/lang/NoSuchMethodError': Method sun.misc.Unsafe.prefetchRead(Ljava/lang/Object;J)V name or signature does not match> (0x00000000eab0dba8) thrown at [D:\re\workspace\8-2-build-windows-amd64-cygwin\jdk8u40\3098\hotspot\src\share\vm\prims\jÄŒý‘Ÿ¹ä?
Event: 0.648 Thread 0x0000000001eed800 Implicit null exception at 0x000000000245dfe2 to 0x000000000245e0d5
Event: 1.083 Thread 0x0000000001eed800 Exception <a 'java/lang/ArrayIndexOutOfBoundsException': 18> (0x00000000ed10a028) thrown at [D:\re\workspace\8-2-build-windows-amd64-cygwin\jdk8u40\3098\hotspot\src\share\vm\interpreter\interpreterRuntime.cpp, line 366]
Event: 1.084 Thread 0x0000000001eed800 Exception <a 'java/lang/ArrayIndexOutOfBoundsException': 145> (0x00000000ed10baf8) thrown at [D:\re\workspace\8-2-build-windows-amd64-cygwin\jdk8u40\3098\hotspot\src\share\vm\interpreter\interpreterRuntime.cpp, line 366]
Event: 1.085 Thread 0x0000000001eed800 Exception <a 'java/lang/ArrayIndexOutOfBoundsException': 40> (0x00000000ed10cd30) thrown at [D:\re\workspace\8-2-build-windows-amd64-cygwin\jdk8u40\3098\hotspot\src\share\vm\interpreter\interpreterRuntime.cpp, line 366]

Events (10 events):
Event: 1.716 Thread 0x0000000001eed800 DEOPT PACKING pc=0x00000000027a0d08 sp=0x000000000203eb60
Event: 1.716 Thread 0x0000000001eed800 DEOPT UNPACKING pc=0x000000000218582a sp=0x000000000203eac8 mode 2
Event: 1.853 Executing VM operation: ParallelGCFailedAllocation
Event: 2.055 Executing VM operation: ParallelGCFailedAllocation done
Event: 2.115 Thread 0x0000000001eed800 Uncommon trap: trap_request=0xffffff65 fr.pc=0x0000000002801c0c
Event: 2.115 Thread 0x0000000001eed800 DEOPT PACKING pc=0x0000000002801c0c sp=0x000000000203ea40
Event: 2.115 Thread 0x0000000001eed800 DEOPT UNPACKING pc=0x000000000218582a sp=0x000000000203ea28 mode 2
Event: 2.123 Thread 0x0000000001eed800 Uncommon trap: trap_request=0xffffff65 fr.pc=0x000000000279fca8
Event: 2.123 Thread 0x0000000001eed800 DEOPT PACKING pc=0x000000000279fca8 sp=0x000000000203eb60
Event: 2.123 Thread 0x0000000001eed800 DEOPT UNPACKING pc=0x000000000218582a sp=0x000000000203ea58 mode 2


Dynamic libraries:
0x00007ff765c10000 - 0x00007ff765c47000 	C:\Program Files\Java\jdk1.8.0_40\bin\java.exe
0x00007ffec5e90000 - 0x00007ffec603d000 	C:\Windows\SYSTEM32\ntdll.dll
0x00007ffec4460000 - 0x00007ffec459e000 	C:\Windows\system32\KERNEL32.DLL
0x00007ffec3400000 - 0x00007ffec3515000 	C:\Windows\system32\KERNELBASE.dll
0x00007ffec1850000 - 0x00007ffec18de000 	C:\Windows\system32\apphelp.dll
0x00007ffea1750000 - 0x00007ffea17a3000 	C:\Windows\AppPatch\AppPatch64\AcGenral.DLL
0x00007ffec5de0000 - 0x00007ffec5e8a000 	C:\Windows\system32\msvcrt.dll
0x00007ffec3320000 - 0x00007ffec334e000 	C:\Windows\system32\SspiCli.dll
0x00007ffec3fb0000 - 0x00007ffec4004000 	C:\Windows\system32\SHLWAPI.dll
0x00007ffec3840000 - 0x00007ffec39b7000 	C:\Windows\system32\USER32.dll
0x00007ffec42c0000 - 0x00007ffec4454000 	C:\Windows\system32\ole32.dll
0x00007ffec4780000 - 0x00007ffec5caa000 	C:\Windows\system32\SHELL32.dll
0x00007ffec2660000 - 0x00007ffec2681000 	C:\Windows\SYSTEM32\USERENV.dll
0x00007ffec3790000 - 0x00007ffec383a000 	C:\Windows\system32\ADVAPI32.dll
0x00007ffeb7210000 - 0x00007ffeb722e000 	C:\Windows\SYSTEM32\MPR.dll
0x00007ffec3cc0000 - 0x00007ffec3e00000 	C:\Windows\system32\RPCRT4.dll
0x00007ffec3c60000 - 0x00007ffec3cb9000 	C:\Windows\SYSTEM32\sechost.dll
0x00007ffec4020000 - 0x00007ffec4231000 	C:\Windows\SYSTEM32\combase.dll
0x00007ffec3a80000 - 0x00007ffec3bd0000 	C:\Windows\system32\GDI32.dll
0x00007ffec2fc0000 - 0x00007ffec2fd5000 	C:\Windows\SYSTEM32\profapi.dll
0x00007ffec1fb0000 - 0x00007ffec2062000 	C:\Windows\SYSTEM32\SHCORE.dll
0x00007ffec3750000 - 0x00007ffec3786000 	C:\Windows\system32\IMM32.DLL
0x00007ffec35f0000 - 0x00007ffec3742000 	C:\Windows\system32\MSCTF.dll
0x00007ffec0a60000 - 0x00007ffec0cdb000 	C:\Windows\WinSxS\amd64_microsoft.windows.common-controls_6595b64144ccf1df_6.0.9600.18006_none_623f33d3ecbe86e8\COMCTL32.dll
0x0000000066f30000 - 0x0000000067002000 	C:\Program Files\Java\jdk1.8.0_40\jre\bin\msvcr100.dll
0x00000000666a0000 - 0x0000000066f23000 	C:\Program Files\Java\jdk1.8.0_40\jre\bin\server\jvm.dll
0x00007ffeb97a0000 - 0x00007ffeb97a9000 	C:\Windows\SYSTEM32\WSOCK32.dll
0x00007ffebfdb0000 - 0x00007ffebfdd2000 	C:\Windows\SYSTEM32\WINMM.dll
0x00007ffec2650000 - 0x00007ffec265a000 	C:\Windows\SYSTEM32\VERSION.dll
0x00007ffec3c50000 - 0x00007ffec3c57000 	C:\Windows\system32\PSAPI.DLL
0x00007ffec5d80000 - 0x00007ffec5dda000 	C:\Windows\system32\WS2_32.dll
0x00007ffebfc50000 - 0x00007ffebfc7a000 	C:\Windows\SYSTEM32\WINMMBASE.dll
0x00007ffec3c40000 - 0x00007ffec3c49000 	C:\Windows\system32\NSI.dll
0x00007ffec3090000 - 0x00007ffec30df000 	C:\Windows\SYSTEM32\cfgmgr32.dll
0x00007ffec1ac0000 - 0x00007ffec1ae8000 	C:\Windows\SYSTEM32\DEVOBJ.dll
0x0000000066690000 - 0x000000006669f000 	C:\Program Files\Java\jdk1.8.0_40\jre\bin\verify.dll
0x0000000066660000 - 0x0000000066689000 	C:\Program Files\Java\jdk1.8.0_40\jre\bin\java.dll
0x0000000066640000 - 0x0000000066656000 	C:\Program Files\Java\jdk1.8.0_40\jre\bin\zip.dll
0x00007ffebe370000 - 0x00007ffebe4f9000 	C:\Windows\SYSTEM32\dbghelp.dll

VM Arguments:
jvm_args: -Djava.awt.headless=true -Xmx1024M -Dfile.encoding=windows-1252 -Duser.country=US -Duser.language=en -Duser.variant 
java_command: com.android.dx.command.Main --dex --force-jumbo --multi-dex --output C:\Users\Maxim\AndroidStudioProjects\PAGEApp\app\build\intermediates\transforms\dex\debug\folders\1000\10\com.android.support-recyclerview-v7-23.4.0_0adb07acf07485b7f1503cd521203cb21ca2223d C:\Users\Maxim\AndroidStudioProjects\PAGEApp\app\build\intermediates\exploded-aar\com.android.support\recyclerview-v7\23.4.0\jars\classes.jar
java_class_path (initial): C:\Android\sdk\build-tools\22.0.1\lib\dx.jar
Launcher Type: SUN_STANDARD

Environment Variables:
JAVA_HOME=C:\Program Files\Java\jdk1.8.0_92
PATH=C:\ProgramData\Oracle\Java\javapath;C:\Program Files (x86)\Intel\iCLS Client\;C:\Program Files\Intel\iCLS Client\;C:\Windows\system32;C:\Windows;C:\Windows\System32\Wbem;C:\Windows\System32\WindowsPowerShell\v1.0\;C:\Program Files\Intel\Intel(R) Management Engine Components\DAL;C:\Program Files\Intel\Intel(R) Management Engine Components\IPT;C:\Program Files (x86)\Intel\Intel(R) Management Engine Components\DAL;C:\Program Files (x86)\Intel\Intel(R) Management Engine Components\IPT;C:\Program Files\Intel\WiFi\bin\;C:\Program Files\Common Files\Intel\WirelessCommon\;C:\Program Files (x86)\Windows Kits\8.1\Windows Performance Toolkit\;C:\Program Files\Microsoft SQL Server\110\Tools\Binn\;C:\Program Files (x86)\Microsoft SDKs\TypeScript\1.0\;C:\Program Files\Microsoft\Web Platform Installer\;C:\Program Files (x86)\CMake\bin;C:\Program Files\TortoiseSVN\bin;C:\Program Files (x86)\Windows Live\Shared;C:\Program Files (x86)\NVIDIA Corporation\PhysX\Common;C:\Program Files (x86)\Brackets\command;C:\Go\bin;C:\nodejs\;C:\Program Files (x86)\Skype\Phone\;C:\Program Files (x86)\Mercurial\;C:\Program Files\Git\cmd;C:\Program Files\Intel\WiFi\bin\;C:\Program Files\Common Files\Intel\WirelessCommon\;C:\Android\sdk\tools;C:\Android\sdk\platform-tools;C:\Users\Maxim\AppData\Roaming\npm;C:\Program Files (x86)\Git\bin;C:\Users\Maxim\AppData\Local\atom\bin;C:\Program Files (x86)\Microsoft VS Code\bin
USERNAME=Maxim
OS=Windows_NT
PROCESSOR_IDENTIFIER=Intel64 Family 6 Model 60 Stepping 3, GenuineIntel



---------------  S Y S T E M  ---------------

OS: Windows 8.1 , 64 bit Build 9600 (6.3.9600.17415)

CPU:total 8 (4 cores per cpu, 2 threads per core) family 6 model 60 stepping 3, cmov, cx8, fxsr, mmx, sse, sse2, sse3, ssse3, sse4.1, sse4.2, popcnt, avx, avx2, aes, clmul, erms, lzcnt, ht, tsc, tscinvbit, bmi1, bmi2

Memory: 4k page, physical 16692004k(1241764k free), swap 19837732k(6752k free)

vm_info: Java HotSpot(TM) 64-Bit Server VM (25.40-b25) for windows-amd64 JRE (1.8.0_40-b26), built on Mar  7 2015 13:51:59 by "java_re" with MS VC++ 10.0 (VS2010)

time: Tue May 24 14:44:11 2016
elapsed time: 2 seconds (0d 0h 0m 2s)

