#
# There is insufficient memory for the Java Runtime Environment to continue.
# Native memory allocation (malloc) failed to allocate 588336 bytes for Chunk::new
# Possible reasons:
#   The system is out of physical RAM or swap space
#   In 32 bit mode, the process size limit was hit
# Possible solutions:
#   Reduce memory load on the system
#   Increase physical memory or swap space
#   Check if swap backing store is full
#   Use 64 bit Java on a 64 bit OS
#   Decrease Java heap size (-Xmx/-Xms)
#   Decrease number of Java threads
#   Decrease Java thread stack sizes (-Xss)
#   Set larger code cache with -XX:ReservedCodeCacheSize=
# This output file may be truncated or incomplete.
#
#  Out of Memory Error (allocation.cpp:390), pid=24236, tid=24372
#
# JRE version: Java(TM) SE Runtime Environment (8.0_40-b26) (build 1.8.0_40-b26)
# Java VM: Java HotSpot(TM) 64-Bit Server VM (25.40-b25 mixed mode windows-amd64 compressed oops)
# Failed to write core dump. Minidumps are not enabled by default on client versions of Windows
#

---------------  T H R E A D  ---------------

Current thread (0x0000000017052000):  JavaThread "C2 CompilerThread1" daemon [_thread_in_native, id=24372, stack(0x00000000176d0000,0x00000000177d0000)]

Stack: [0x00000000176d0000,0x00000000177d0000]
Native frames: (J=compiled Java code, j=interpreted, Vv=VM code, C=native code)
V  [jvm.dll+0x32b47a]


Current CompileTask:
C2:    554  706       4       com.android.dx.ssa.SsaBasicBlock::forEachInsn (37 bytes)


---------------  P R O C E S S  ---------------

Java Threads: ( => current thread )
  0x0000000017066000 JavaThread "Service Thread" daemon [_thread_blocked, id=24384, stack(0x00000000179d0000,0x0000000017ad0000)]
  0x000000001705d800 JavaThread "C1 CompilerThread3" daemon [_thread_blocked, id=24380, stack(0x00000000178d0000,0x00000000179d0000)]
  0x000000001705b000 JavaThread "C2 CompilerThread2" daemon [_thread_in_native, id=24376, stack(0x00000000177d0000,0x00000000178d0000)]
=>0x0000000017052000 JavaThread "C2 CompilerThread1" daemon [_thread_in_native, id=24372, stack(0x00000000176d0000,0x00000000177d0000)]
  0x0000000016ff6800 JavaThread "C2 CompilerThread0" daemon [_thread_blocked, id=24360, stack(0x00000000175d0000,0x00000000176d0000)]
  0x0000000016ff5000 JavaThread "Attach Listener" daemon [_thread_blocked, id=24356, stack(0x00000000174d0000,0x00000000175d0000)]
  0x0000000016ff4000 JavaThread "Signal Dispatcher" daemon [_thread_blocked, id=24352, stack(0x00000000173d0000,0x00000000174d0000)]
  0x00000000024e9800 JavaThread "Finalizer" daemon [_thread_blocked, id=24332, stack(0x0000000016ed0000,0x0000000016fd0000)]
  0x000000001500d800 JavaThread "Reference Handler" daemon [_thread_blocked, id=24328, stack(0x0000000016dd0000,0x0000000016ed0000)]
  0x00000000023ed800 JavaThread "main" [_thread_in_Java, id=24276, stack(0x0000000002250000,0x0000000002350000)]

Other Threads:
  0x0000000015009000 VMThread [stack: 0x0000000016cd0000,0x0000000016dd0000] [id=24316]
  0x0000000017067000 WatcherThread [stack: 0x0000000017ad0000,0x0000000017bd0000] [id=24392]

VM state:not at safepoint (normal execution)

VM Mutex/Monitor currently owned by a thread: None

Heap:
 PSYoungGen      total 76288K, used 14428K [0x00000000eab00000, 0x00000000f0000000, 0x0000000100000000)
  eden space 65536K, 22% used [0x00000000eab00000,0x00000000eb917050,0x00000000eeb00000)
  from space 10752K, 0% used [0x00000000ef580000,0x00000000ef580000,0x00000000f0000000)
  to   space 10752K, 0% used [0x00000000eeb00000,0x00000000eeb00000,0x00000000ef580000)
 ParOldGen       total 175104K, used 0K [0x00000000c0000000, 0x00000000cab00000, 0x00000000eab00000)
  object space 175104K, 0% used [0x00000000c0000000,0x00000000c0000000,0x00000000cab00000)
 Metaspace       used 5225K, capacity 6576K, committed 6784K, reserved 1056768K
  class space    used 540K, capacity 616K, committed 640K, reserved 1048576K

Card table byte_map: [0x00000000118b0000,0x0000000011ac0000] byte_map_base: 0x00000000112b0000

Marking Bits: (ParMarkBitMap*) 0x0000000066ea4040
 Begin Bits: [0x0000000012420000, 0x0000000013420000)
 End Bits:   [0x0000000013420000, 0x0000000014420000)

Polling page: 0x0000000000a00000

CodeCache: size=245760Kb used=2936Kb max_used=2951Kb free=242823Kb
 bounds [0x00000000024f0000, 0x00000000027e0000, 0x00000000114f0000]
 total_blobs=968 nmethods=704 adapters=177
 compilation: enabled

Compilation events (10 events):
Event: 0.529 Thread 0x000000001705d800 nmethod 687 0x00000000027cb790 code [0x00000000027cb940, 0x00000000027cbed8]
Event: 0.529 Thread 0x000000001705d800  701       3       com.android.dx.ssa.SCCP::setLatticeValueTo (67 bytes)
Event: 0.529 Thread 0x000000001705d800 nmethod 701 0x00000000027cc350 code [0x00000000027cc500, 0x00000000027cca68]
Event: 0.529 Thread 0x000000001705d800  695       3       com.android.dx.ssa.PhiInsn::predBlockIndexForSourcesIndex (15 bytes)
Event: 0.530 Thread 0x000000001705d800 nmethod 695 0x00000000027ccdd0 code [0x00000000027ccf80, 0x00000000027cd458]
Event: 0.530 Thread 0x000000001705d800  602       1       com.android.dx.cf.code.RopperMachine::returns (5 bytes)
Event: 0.530 Thread 0x000000001705d800 nmethod 602 0x00000000027c6950 code [0x00000000027c6aa0, 0x00000000027c6bb0]
Event: 0.530 Thread 0x000000001705d800  603       1       com.android.dx.cf.code.BaseMachine::getPrototype (5 bytes)
Event: 0.530 Thread 0x000000001705d800 nmethod 603 0x00000000027be050 code [0x00000000027be1a0, 0x00000000027be2b0]
Event: 0.531 Thread 0x0000000016ff6800 nmethod 672 0x00000000027d13d0 code [0x00000000027d1640, 0x00000000027d25e0]

GC Heap History (0 events):
No events

Deoptimization events (1 events):
Event: 0.503 Thread 0x00000000023ed800 Uncommon trap: reason=unstable_if action=reinterpret pc=0x00000000026cac60 method=java.util.HashMap.getNode(ILjava/lang/Object;)Ljava/util/HashMap$Node; @ 129

Internal exceptions (2 events):
Event: 0.046 Thread 0x00000000023ed800 Exception <a 'java/lang/NoSuchMethodError': Method sun.misc.Unsafe.defineClass(Ljava/lang/String;[BII)Ljava/lang/Class; name or signature does not match> (0x00000000eab0d9f8) thrown at [D:\re\workspace\8-2-build-windows-amd64-cygwin\jdk8u40\3098\hotspot\srGàY¿ò…§?
Event: 0.046 Thread 0x00000000023ed800 Exception <a 'java/lang/NoSuchMethodError': Method sun.misc.Unsafe.prefetchRead(Ljava/lang/Object;J)V name or signature does not match> (0x00000000eab0dc88) thrown at [D:\re\workspace\8-2-build-windows-amd64-cygwin\jdk8u40\3098\hotspot\src\share\vm\prims\j

Events (10 events):
Event: 0.415 loading class com/android/dx/dex/file/StringIdItem done
Event: 0.416 loading class com/android/dx/dex/file/StringDataItem
Event: 0.416 loading class com/android/dx/dex/file/StringDataItem done
Event: 0.467 Thread 0x00000000023ed800 DEOPT PACKING pc=0x00000000027293c2 sp=0x000000000234e490
Event: 0.467 Thread 0x00000000023ed800 DEOPT UNPACKING pc=0x000000000253787f sp=0x000000000234e208 mode 0
Event: 0.503 Thread 0x00000000023ed800 Uncommon trap: trap_request=0xffffff65 fr.pc=0x00000000026cac60
Event: 0.503 Thread 0x00000000023ed800 DEOPT PACKING pc=0x00000000026cac60 sp=0x000000000234e070
Event: 0.503 Thread 0x00000000023ed800 DEOPT UNPACKING pc=0x000000000253582a sp=0x000000000234dfe8 mode 2
Event: 0.526 loading class java/util/ArrayList$1
Event: 0.526 loading class java/util/ArrayList$1 done


Dynamic libraries:
0x00007ff765c10000 - 0x00007ff765c47000 	C:\Program Files\Java\jdk1.8.0_40\bin\java.exe
0x00007ffec5e90000 - 0x00007ffec603d000 	C:\Windows\SYSTEM32\ntdll.dll
0x00007ffec4460000 - 0x00007ffec459e000 	C:\Windows\system32\KERNEL32.DLL
0x00007ffec3400000 - 0x00007ffec3515000 	C:\Windows\system32\KERNELBASE.dll
0x00007ffec1850000 - 0x00007ffec18de000 	C:\Windows\system32\apphelp.dll
0x00007ffea1750000 - 0x00007ffea17a3000 	C:\Windows\AppPatch\AppPatch64\AcGenral.DLL
0x00007ffec5de0000 - 0x00007ffec5e8a000 	C:\Windows\system32\msvcrt.dll
0x00007ffec3320000 - 0x00007ffec334e000 	C:\Windows\system32\SspiCli.dll
0x00007ffec3fb0000 - 0x00007ffec4004000 	C:\Windows\system32\SHLWAPI.dll
0x00007ffec3840000 - 0x00007ffec39b7000 	C:\Windows\system32\USER32.dll
0x00007ffec42c0000 - 0x00007ffec4454000 	C:\Windows\system32\ole32.dll
0x00007ffec4780000 - 0x00007ffec5caa000 	C:\Windows\system32\SHELL32.dll
0x00007ffec2660000 - 0x00007ffec2681000 	C:\Windows\SYSTEM32\USERENV.dll
0x00007ffec3790000 - 0x00007ffec383a000 	C:\Windows\system32\ADVAPI32.dll
0x00007ffeb7210000 - 0x00007ffeb722e000 	C:\Windows\SYSTEM32\MPR.dll
0x00007ffec3cc0000 - 0x00007ffec3e00000 	C:\Windows\system32\RPCRT4.dll
0x00007ffec3c60000 - 0x00007ffec3cb9000 	C:\Windows\SYSTEM32\sechost.dll
0x00007ffec4020000 - 0x00007ffec4231000 	C:\Windows\SYSTEM32\combase.dll
0x00007ffec3a80000 - 0x00007ffec3bd0000 	C:\Windows\system32\GDI32.dll
0x00007ffec2fc0000 - 0x00007ffec2fd5000 	C:\Windows\SYSTEM32\profapi.dll
0x00007ffec1fb0000 - 0x00007ffec2062000 	C:\Windows\SYSTEM32\SHCORE.dll
0x00007ffec3750000 - 0x00007ffec3786000 	C:\Windows\system32\IMM32.DLL
0x00007ffec35f0000 - 0x00007ffec3742000 	C:\Windows\system32\MSCTF.dll
0x00007ffec0a60000 - 0x00007ffec0cdb000 	C:\Windows\WinSxS\amd64_microsoft.windows.common-controls_6595b64144ccf1df_6.0.9600.18006_none_623f33d3ecbe86e8\COMCTL32.dll
0x0000000066f30000 - 0x0000000067002000 	C:\Program Files\Java\jdk1.8.0_40\jre\bin\msvcr100.dll
0x00000000666a0000 - 0x0000000066f23000 	C:\Program Files\Java\jdk1.8.0_40\jre\bin\server\jvm.dll
0x00007ffeb97a0000 - 0x00007ffeb97a9000 	C:\Windows\SYSTEM32\WSOCK32.dll
0x00007ffebfdb0000 - 0x00007ffebfdd2000 	C:\Windows\SYSTEM32\WINMM.dll
0x00007ffec2650000 - 0x00007ffec265a000 	C:\Windows\SYSTEM32\VERSION.dll
0x00007ffec3c50000 - 0x00007ffec3c57000 	C:\Windows\system32\PSAPI.DLL
0x00007ffec5d80000 - 0x00007ffec5dda000 	C:\Windows\system32\WS2_32.dll
0x00007ffebfc50000 - 0x00007ffebfc7a000 	C:\Windows\SYSTEM32\WINMMBASE.dll
0x00007ffec3c40000 - 0x00007ffec3c49000 	C:\Windows\system32\NSI.dll
0x00007ffec3090000 - 0x00007ffec30df000 	C:\Windows\SYSTEM32\cfgmgr32.dll
0x00007ffec1ac0000 - 0x00007ffec1ae8000 	C:\Windows\SYSTEM32\DEVOBJ.dll
0x0000000066690000 - 0x000000006669f000 	C:\Program Files\Java\jdk1.8.0_40\jre\bin\verify.dll
0x0000000066660000 - 0x0000000066689000 	C:\Program Files\Java\jdk1.8.0_40\jre\bin\java.dll
0x0000000066640000 - 0x0000000066656000 	C:\Program Files\Java\jdk1.8.0_40\jre\bin\zip.dll

VM Arguments:
jvm_args: -Djava.awt.headless=true -Xmx1024M -Dfile.encoding=windows-1252 -Duser.country=US -Duser.language=en -Duser.variant 
java_command: com.android.dx.command.Main --dex --force-jumbo --multi-dex --output C:\Users\Maxim\AndroidStudioProjects\PAGEApp\app\build\intermediates\transforms\dex\debug\folders\1000\5\slice_3 C:\Users\Maxim\AndroidStudioProjects\PAGEApp\app\build\intermediates\transforms\instantRunSlicer\debug\folders\1\5\slice_3
java_class_path (initial): C:\Android\sdk\build-tools\22.0.1\lib\dx.jar
Launcher Type: SUN_STANDARD

Environment Variables:
PATH=C:\ProgramData\Oracle\Java\javapath;C:\Program Files (x86)\Intel\iCLS Client\;C:\Program Files\Intel\iCLS Client\;C:\Windows\system32;C:\Windows;C:\Windows\System32\Wbem;C:\Windows\System32\WindowsPowerShell\v1.0\;C:\Program Files\Intel\Intel(R) Management Engine Components\DAL;C:\Program Files\Intel\Intel(R) Management Engine Components\IPT;C:\Program Files (x86)\Intel\Intel(R) Management Engine Components\DAL;C:\Program Files (x86)\Intel\Intel(R) Management Engine Components\IPT;C:\Program Files\Intel\WiFi\bin\;C:\Program Files\Common Files\Intel\WirelessCommon\;C:\Program Files (x86)\Windows Kits\8.1\Windows Performance Toolkit\;C:\Program Files\Microsoft SQL Server\110\Tools\Binn\;C:\Program Files (x86)\Microsoft SDKs\TypeScript\1.0\;C:\Program Files\Microsoft\Web Platform Installer\;C:\Program Files (x86)\CMake\bin;C:\Program Files\TortoiseSVN\bin;C:\Program Files (x86)\Windows Live\Shared;C:\Program Files (x86)\NVIDIA Corporation\PhysX\Common;C:\Program Files (x86)\Brackets\command;C:\Go\bin;C:\nodejs\;C:\Program Files (x86)\Skype\Phone\;C:\Program Files (x86)\Mercurial\;C:\Program Files\Git\cmd;C:\Program Files\Intel\WiFi\bin\;C:\Program Files\Common Files\Intel\WirelessCommon\;C:\Android\sdk\tools;C:\Android\sdk\platform-tools;C:\Users\Maxim\AppData\Roaming\npm;C:\Program Files (x86)\Git\bin;C:\Users\Maxim\AppData\Local\atom\bin;C:\Program Files (x86)\Microsoft VS Code\bin
USERNAME=Maxim
OS=Windows_NT
PROCESSOR_IDENTIFIER=Intel64 Family 6 Model 60 Stepping 3, GenuineIntel



---------------  S Y S T E M  ---------------

OS: Windows 8.1 , 64 bit Build 9600 (6.3.9600.17415)

CPU:total 8 (4 cores per cpu, 2 threads per core) family 6 model 60 stepping 3, cmov, cx8, fxsr, mmx, sse, sse2, sse3, ssse3, sse4.1, sse4.2, popcnt, avx, avx2, aes, clmul, erms, lzcnt, ht, tsc, tscinvbit, bmi1, bmi2

Memory: 4k page, physical 16692004k(1265348k free), swap 19837732k(5128k free)

vm_info: Java HotSpot(TM) 64-Bit Server VM (25.40-b25) for windows-amd64 JRE (1.8.0_40-b26), built on Mar  7 2015 13:51:59 by "java_re" with MS VC++ 10.0 (VS2010)

time: Tue May 24 14:44:13 2016
elapsed time: 0 seconds (0d 0h 0m 0s)

