#
# There is insufficient memory for the Java Runtime Environment to continue.
# Native memory allocation (malloc) failed to allocate 476128 bytes for Chunk::new
# Possible reasons:
#   The system is out of physical RAM or swap space
#   In 32 bit mode, the process size limit was hit
# Possible solutions:
#   Reduce memory load on the system
#   Increase physical memory or swap space
#   Check if swap backing store is full
#   Use 64 bit Java on a 64 bit OS
#   Decrease Java heap size (-Xmx/-Xms)
#   Decrease number of Java threads
#   Decrease Java thread stack sizes (-Xss)
#   Set larger code cache with -XX:ReservedCodeCacheSize=
# This output file may be truncated or incomplete.
#
#  Out of Memory Error (allocation.cpp:390), pid=20464, tid=18500
#
# JRE version: Java(TM) SE Runtime Environment (8.0_40-b26) (build 1.8.0_40-b26)
# Java VM: Java HotSpot(TM) 64-Bit Server VM (25.40-b25 mixed mode windows-amd64 compressed oops)
# Failed to write core dump. Minidumps are not enabled by default on client versions of Windows
#

---------------  T H R E A D  ---------------

Current thread (0x000000001729c800):  JavaThread "C2 CompilerThread1" daemon [_thread_in_native, id=18500, stack(0x0000000017970000,0x0000000017a70000)]

Stack: [0x0000000017970000,0x0000000017a70000]
Native frames: (J=compiled Java code, j=interpreted, Vv=VM code, C=native code)
V  [jvm.dll+0x32b47a]


Current CompileTask:
C2:   3804 1833       4       com.android.dx.dex.code.OutputFinisher::addConstants (93 bytes)


---------------  P R O C E S S  ---------------

Java Threads: ( => current thread )
  0x0000000017302000 JavaThread "Service Thread" daemon [_thread_blocked, id=13264, stack(0x0000000017c70000,0x0000000017d70000)]
  0x00000000172fa000 JavaThread "C1 CompilerThread3" daemon [_thread_in_vm, id=5380, stack(0x0000000017b70000,0x0000000017c70000)]
  0x00000000172f7000 JavaThread "C2 CompilerThread2" daemon [_thread_in_native, id=316, stack(0x0000000017a70000,0x0000000017b70000)]
=>0x000000001729c800 JavaThread "C2 CompilerThread1" daemon [_thread_in_native, id=18500, stack(0x0000000017970000,0x0000000017a70000)]
  0x0000000017298000 JavaThread "C2 CompilerThread0" daemon [_thread_in_native, id=18036, stack(0x0000000017870000,0x0000000017970000)]
  0x0000000017296800 JavaThread "Attach Listener" daemon [_thread_blocked, id=16768, stack(0x0000000017770000,0x0000000017870000)]
  0x0000000017295800 JavaThread "Signal Dispatcher" daemon [_thread_blocked, id=20424, stack(0x0000000017670000,0x0000000017770000)]
  0x0000000002749000 JavaThread "Finalizer" daemon [_thread_blocked, id=23372, stack(0x0000000017170000,0x0000000017270000)]
  0x000000001528d000 JavaThread "Reference Handler" daemon [_thread_blocked, id=20868, stack(0x0000000017070000,0x0000000017170000)]
  0x0000000000dcd800 JavaThread "main" [_thread_in_Java, id=19500, stack(0x0000000002550000,0x0000000002650000)]

Other Threads:
  0x0000000015288800 VMThread [stack: 0x0000000016f70000,0x0000000017070000] [id=13068]
  0x0000000017303000 WatcherThread [stack: 0x0000000017d70000,0x0000000017e70000] [id=6404]

VM state:not at safepoint (normal execution)

VM Mutex/Monitor currently owned by a thread:  ([mutex/lock_event])
[0x00000000026518d0] CompiledIC_lock - owner thread: 0x00000000172fa000

Heap:
 PSYoungGen      total 76288K, used 22916K [0x00000000eab00000, 0x00000000f4000000, 0x0000000100000000)
  eden space 65536K, 18% used [0x00000000eab00000,0x00000000eb6e5760,0x00000000eeb00000)
  from space 10752K, 99% used [0x00000000ef580000,0x00000000efffb920,0x00000000f0000000)
  to   space 10752K, 0% used [0x00000000eeb00000,0x00000000eeb00000,0x00000000ef580000)
 ParOldGen       total 175104K, used 10419K [0x00000000c0000000, 0x00000000cab00000, 0x00000000eab00000)
  object space 175104K, 5% used [0x00000000c0000000,0x00000000c0a2ce78,0x00000000cab00000)
 Metaspace       used 6229K, capacity 7408K, committed 7552K, reserved 1056768K
  class space    used 576K, capacity 616K, committed 640K, reserved 1048576K

Card table byte_map: [0x0000000011b10000,0x0000000011d20000] byte_map_base: 0x0000000011510000

Marking Bits: (ParMarkBitMap*) 0x0000000066ea4040
 Begin Bits: [0x0000000012680000, 0x0000000013680000)
 End Bits:   [0x0000000013680000, 0x0000000014680000)

Polling page: 0x0000000000d80000

CodeCache: size=245760Kb used=8802Kb max_used=8802Kb free=236957Kb
 bounds [0x0000000002750000, 0x0000000002ff0000, 0x0000000011750000]
 total_blobs=2374 nmethods=2107 adapters=179
 compilation: disabled (not enough contiguous free space left)

Compilation events (10 events):
Event: 3.795 Thread 0x00000000172fa000 nmethod 2130 0x0000000002fdcad0 code [0x0000000002fdcc20, 0x0000000002fdcdb0]
Event: 3.795 Thread 0x00000000172fa000 2127       3       com.android.dx.dex.file.StringIdsSection::indexOf (49 bytes)
Event: 3.795 Thread 0x00000000172fa000 nmethod 2127 0x0000000002fdbbd0 code [0x0000000002fdbdc0, 0x0000000002fdc708]
Event: 3.795 Thread 0x00000000172fa000 2131       3       com.android.dx.dex.code.LocalList$Entry::getName (11 bytes)
Event: 3.795 Thread 0x00000000172fa000 nmethod 2131 0x0000000002fdb790 code [0x0000000002fdb8e0, 0x0000000002fdbaf0]
Event: 3.795 Thread 0x00000000172fa000 2132       3       com.android.dx.dex.file.DebugInfoEncoder::getParamBase (29 bytes)
Event: 3.796 Thread 0x00000000172fa000 nmethod 2132 0x0000000002fe0450 code [0x0000000002fe0600, 0x0000000002fe0e58]
Event: 3.796 Thread 0x00000000172fa000 2134       3       com.android.dx.dex.file.DebugInfoEncoder::extractMethodArguments (132 bytes)
Event: 3.797 Thread 0x00000000172fa000 nmethod 2134 0x0000000002fe1190 code [0x0000000002fe1420, 0x0000000002fe2738]
Event: 3.797 Thread 0x00000000172fa000 2137       3       com.android.dx.dex.file.DebugInfoEncoder::emitHeader (530 bytes)

GC Heap History (4 events):
Event: 2.563 GC heap before
{Heap before GC invocations=1 (full 0):
 PSYoungGen      total 76288K, used 65536K [0x00000000eab00000, 0x00000000f0000000, 0x0000000100000000)
  eden space 65536K, 100% used [0x00000000eab00000,0x00000000eeb00000,0x00000000eeb00000)
  from space 10752K, 0% used [0x00000000ef580000,0x00000000ef580000,0x00000000f0000000)
  to   space 10752K, 0% used [0x00000000eeb00000,0x00000000eeb00000,0x00000000ef580000)
 ParOldGen       total 175104K, used 0K [0x00000000c0000000, 0x00000000cab00000, 0x00000000eab00000)
  object space 175104K, 0% used [0x00000000c0000000,0x00000000c0000000,0x00000000cab00000)
 Metaspace       used 5818K, capacity 7088K, committed 7296K, reserved 1056768K
  class space    used 555K, capacity 616K, committed 640K, reserved 1048576K
Event: 2.584 GC heap after
Heap after GC invocations=1 (full 0):
 PSYoungGen      total 76288K, used 10725K [0x00000000eab00000, 0x00000000f0000000, 0x0000000100000000)
  eden space 65536K, 0% used [0x00000000eab00000,0x00000000eab00000,0x00000000eeb00000)
  from space 10752K, 99% used [0x00000000eeb00000,0x00000000ef579728,0x00000000ef580000)
  to   space 10752K, 0% used [0x00000000ef580000,0x00000000ef580000,0x00000000f0000000)
 ParOldGen       total 175104K, used 1248K [0x00000000c0000000, 0x00000000cab00000, 0x00000000eab00000)
  object space 175104K, 0% used [0x00000000c0000000,0x00000000c0138370,0x00000000cab00000)
 Metaspace       used 5818K, capacity 7088K, committed 7296K, reserved 1056768K
  class space    used 555K, capacity 616K, committed 640K, reserved 1048576K
}
Event: 3.402 GC heap before
{Heap before GC invocations=2 (full 0):
 PSYoungGen      total 76288K, used 76261K [0x00000000eab00000, 0x00000000f0000000, 0x0000000100000000)
  eden space 65536K, 100% used [0x00000000eab00000,0x00000000eeb00000,0x00000000eeb00000)
  from space 10752K, 99% used [0x00000000eeb00000,0x00000000ef579728,0x00000000ef580000)
  to   space 10752K, 0% used [0x00000000ef580000,0x00000000ef580000,0x00000000f0000000)
 ParOldGen       total 175104K, used 1248K [0x00000000c0000000, 0x00000000cab00000, 0x00000000eab00000)
  object space 175104K, 0% used [0x00000000c0000000,0x00000000c0138370,0x00000000cab00000)
 Metaspace       used 5873K, capacity 7088K, committed 7296K, reserved 1056768K
  class space    used 556K, capacity 616K, committed 640K, reserved 1048576K
Event: 3.421 GC heap after
Heap after GC invocations=2 (full 0):
 PSYoungGen      total 76288K, used 10734K [0x00000000eab00000, 0x00000000f4000000, 0x0000000100000000)
  eden space 65536K, 0% used [0x00000000eab00000,0x00000000eab00000,0x00000000eeb00000)
  from space 10752K, 99% used [0x00000000ef580000,0x00000000efffb920,0x00000000f0000000)
  to   space 10752K, 0% used [0x00000000eeb00000,0x00000000eeb00000,0x00000000ef580000)
 ParOldGen       total 175104K, used 10419K [0x00000000c0000000, 0x00000000cab00000, 0x00000000eab00000)
  object space 175104K, 5% used [0x00000000c0000000,0x00000000c0a2ce78,0x00000000cab00000)
 Metaspace       used 5873K, capacity 7088K, committed 7296K, reserved 1056768K
  class space    used 556K, capacity 616K, committed 640K, reserved 1048576K
}

Deoptimization events (10 events):
Event: 3.462 Thread 0x0000000000dcd800 Uncommon trap: reason=class_check action=maybe_recompile pc=0x0000000002c4171c method=java.util.Arrays.hashCode([Ljava/lang/Object;)I @ 43
Event: 3.462 Thread 0x0000000000dcd800 Uncommon trap: reason=class_check action=maybe_recompile pc=0x0000000002c4171c method=java.util.Arrays.hashCode([Ljava/lang/Object;)I @ 43
Event: 3.462 Thread 0x0000000000dcd800 Uncommon trap: reason=class_check action=maybe_recompile pc=0x0000000002c4171c method=java.util.Arrays.hashCode([Ljava/lang/Object;)I @ 43
Event: 3.462 Thread 0x0000000000dcd800 Uncommon trap: reason=class_check action=maybe_recompile pc=0x0000000002becb78 method=java.util.Arrays.hashCode([Ljava/lang/Object;)I @ 43
Event: 3.653 Thread 0x0000000000dcd800 Uncommon trap: reason=speculate_class_check action=maybe_recompile pc=0x0000000002b61880 method=com.android.dx.util.FixedSizeList.equals(Ljava/lang/Object;)Z @ 25
Event: 3.653 Thread 0x0000000000dcd800 Uncommon trap: reason=speculate_class_check action=maybe_recompile pc=0x0000000002b61880 method=com.android.dx.util.FixedSizeList.equals(Ljava/lang/Object;)Z @ 25
Event: 3.671 Thread 0x0000000000dcd800 Uncommon trap: reason=speculate_class_check action=maybe_recompile pc=0x0000000002b61880 method=com.android.dx.util.FixedSizeList.equals(Ljava/lang/Object;)Z @ 25
Event: 3.671 Thread 0x0000000000dcd800 Uncommon trap: reason=speculate_class_check action=maybe_recompile pc=0x0000000002b61880 method=com.android.dx.util.FixedSizeList.equals(Ljava/lang/Object;)Z @ 25
Event: 3.762 Thread 0x0000000000dcd800 Uncommon trap: reason=unstable_if action=reinterpret pc=0x0000000002f11c3c method=java.util.TreeMap.put(Ljava/lang/Object;Ljava/lang/Object;)Ljava/lang/Object; @ 163
Event: 3.787 Thread 0x0000000000dcd800 Uncommon trap: reason=unstable_if action=reinterpret pc=0x0000000002f86da4 method=java.util.ArrayList.<init>(I)V @ 5

Internal exceptions (7 events):
Event: 0.103 Thread 0x0000000000dcd800 Exception <a 'java/lang/NoSuchMethodError': Method sun.misc.Unsafe.defineClass(Ljava/lang/String;[BII)Ljava/lang/Class; name or signature does not match> (0x00000000eab0dc18) thrown at [D:\re\workspace\8-2-build-windows-amd64-cygwin\jdk8u40\3098\hotspot\srûBÜÂoº?
Event: 0.103 Thread 0x0000000000dcd800 Exception <a 'java/lang/NoSuchMethodError': Method sun.misc.Unsafe.prefetchRead(Ljava/lang/Object;J)V name or signature does not match> (0x00000000eab0dea8) thrown at [D:\re\workspace\8-2-build-windows-amd64-cygwin\jdk8u40\3098\hotspot\src\share\vm\prims\j-‚±{nÿ?
Event: 1.964 Thread 0x0000000000dcd800 Implicit null exception at 0x0000000002c31122 to 0x0000000002c31215
Event: 2.587 Thread 0x0000000000dcd800 Implicit null exception at 0x0000000002dd8f9c to 0x0000000002ddc4d9
Event: 3.319 Thread 0x0000000000dcd800 Implicit null exception at 0x0000000002e7af98 to 0x0000000002e7b325
Event: 3.319 Thread 0x0000000000dcd800 Implicit null exception at 0x0000000002c96ef4 to 0x0000000002c98255
Event: 3.320 Thread 0x0000000000dcd800 Implicit null exception at 0x0000000002e4c095 to 0x0000000002e4c399

Events (10 events):
Event: 3.779 Thread 0x0000000000dcd800 DEOPT UNPACKING pc=0x000000000279787f sp=0x000000000264eeb8 mode 0
Event: 3.785 loading class com/android/dx/dex/file/DebugInfoEncoder
Event: 3.785 loading class com/android/dx/dex/file/DebugInfoEncoder done
Event: 3.787 loading class com/android/dx/dex/file/DebugInfoEncoder$1
Event: 3.787 loading class com/android/dx/dex/file/DebugInfoEncoder$1 done
Event: 3.787 Thread 0x0000000000dcd800 Uncommon trap: trap_request=0xffffff65 fr.pc=0x0000000002f86da4
Event: 3.787 Thread 0x0000000000dcd800 DEOPT PACKING pc=0x0000000002f86da4 sp=0x000000000264f010
Event: 3.787 Thread 0x0000000000dcd800 DEOPT UNPACKING pc=0x000000000279582a sp=0x000000000264efb8 mode 2
Event: 3.787 loading class com/android/dx/dex/file/DebugInfoEncoder$2
Event: 3.787 loading class com/android/dx/dex/file/DebugInfoEncoder$2 done


Dynamic libraries:
0x00007ff765c10000 - 0x00007ff765c47000 	C:\Program Files\Java\jdk1.8.0_40\bin\java.exe
0x00007ffec5e90000 - 0x00007ffec603d000 	C:\Windows\SYSTEM32\ntdll.dll
0x00007ffec4460000 - 0x00007ffec459e000 	C:\Windows\system32\KERNEL32.DLL
0x00007ffec3400000 - 0x00007ffec3515000 	C:\Windows\system32\KERNELBASE.dll
0x00007ffec1850000 - 0x00007ffec18de000 	C:\Windows\system32\apphelp.dll
0x00007ffea1750000 - 0x00007ffea17a3000 	C:\Windows\AppPatch\AppPatch64\AcGenral.DLL
0x00007ffec5de0000 - 0x00007ffec5e8a000 	C:\Windows\system32\msvcrt.dll
0x00007ffec3320000 - 0x00007ffec334e000 	C:\Windows\system32\SspiCli.dll
0x00007ffec3fb0000 - 0x00007ffec4004000 	C:\Windows\system32\SHLWAPI.dll
0x00007ffec3840000 - 0x00007ffec39b7000 	C:\Windows\system32\USER32.dll
0x00007ffec42c0000 - 0x00007ffec4454000 	C:\Windows\system32\ole32.dll
0x00007ffec4780000 - 0x00007ffec5caa000 	C:\Windows\system32\SHELL32.dll
0x00007ffec2660000 - 0x00007ffec2681000 	C:\Windows\SYSTEM32\USERENV.dll
0x00007ffec3790000 - 0x00007ffec383a000 	C:\Windows\system32\ADVAPI32.dll
0x00007ffeb7210000 - 0x00007ffeb722e000 	C:\Windows\SYSTEM32\MPR.dll
0x00007ffec3cc0000 - 0x00007ffec3e00000 	C:\Windows\system32\RPCRT4.dll
0x00007ffec3c60000 - 0x00007ffec3cb9000 	C:\Windows\SYSTEM32\sechost.dll
0x00007ffec4020000 - 0x00007ffec4231000 	C:\Windows\SYSTEM32\combase.dll
0x00007ffec3a80000 - 0x00007ffec3bd0000 	C:\Windows\system32\GDI32.dll
0x00007ffec2fc0000 - 0x00007ffec2fd5000 	C:\Windows\SYSTEM32\profapi.dll
0x00007ffec1fb0000 - 0x00007ffec2062000 	C:\Windows\SYSTEM32\SHCORE.dll
0x00007ffec3750000 - 0x00007ffec3786000 	C:\Windows\system32\IMM32.DLL
0x00007ffec35f0000 - 0x00007ffec3742000 	C:\Windows\system32\MSCTF.dll
0x00007ffec0a60000 - 0x00007ffec0cdb000 	C:\Windows\WinSxS\amd64_microsoft.windows.common-controls_6595b64144ccf1df_6.0.9600.18006_none_623f33d3ecbe86e8\COMCTL32.dll
0x0000000066f30000 - 0x0000000067002000 	C:\Program Files\Java\jdk1.8.0_40\jre\bin\msvcr100.dll
0x00000000666a0000 - 0x0000000066f23000 	C:\Program Files\Java\jdk1.8.0_40\jre\bin\server\jvm.dll
0x00007ffeb97a0000 - 0x00007ffeb97a9000 	C:\Windows\SYSTEM32\WSOCK32.dll
0x00007ffebfdb0000 - 0x00007ffebfdd2000 	C:\Windows\SYSTEM32\WINMM.dll
0x00007ffec2650000 - 0x00007ffec265a000 	C:\Windows\SYSTEM32\VERSION.dll
0x00007ffec3c50000 - 0x00007ffec3c57000 	C:\Windows\system32\PSAPI.DLL
0x00007ffec5d80000 - 0x00007ffec5dda000 	C:\Windows\system32\WS2_32.dll
0x00007ffebfc50000 - 0x00007ffebfc7a000 	C:\Windows\SYSTEM32\WINMMBASE.dll
0x00007ffec3c40000 - 0x00007ffec3c49000 	C:\Windows\system32\NSI.dll
0x00007ffec3090000 - 0x00007ffec30df000 	C:\Windows\SYSTEM32\cfgmgr32.dll
0x00007ffec1ac0000 - 0x00007ffec1ae8000 	C:\Windows\SYSTEM32\DEVOBJ.dll
0x0000000066690000 - 0x000000006669f000 	C:\Program Files\Java\jdk1.8.0_40\jre\bin\verify.dll
0x0000000066660000 - 0x0000000066689000 	C:\Program Files\Java\jdk1.8.0_40\jre\bin\java.dll
0x0000000066640000 - 0x0000000066656000 	C:\Program Files\Java\jdk1.8.0_40\jre\bin\zip.dll
0x00007ffebe370000 - 0x00007ffebe4f9000 	C:\Windows\SYSTEM32\dbghelp.dll

VM Arguments:
jvm_args: -Djava.awt.headless=true -Xmx1024M -Dfile.encoding=windows-1252 -Duser.country=US -Duser.language=en -Duser.variant 
java_command: com.android.dx.command.Main --dex --force-jumbo --multi-dex --output C:\Users\Maxim\AndroidStudioProjects\PAGEApp\app\build\intermediates\transforms\dex\debug\folders\1000\10\com.android.support-design-23.4.0_4fb1f17c111031e225bc73bb8184482d5b76e3a9 C:\Users\Maxim\AndroidStudioProjects\PAGEApp\app\build\intermediates\exploded-aar\com.android.support\design\23.4.0\jars\classes.jar
java_class_path (initial): C:\Android\sdk\build-tools\22.0.1\lib\dx.jar
Launcher Type: SUN_STANDARD

Environment Variables:
JAVA_HOME=C:\Program Files\Java\jdk1.8.0_92
PATH=C:\ProgramData\Oracle\Java\javapath;C:\Program Files (x86)\Intel\iCLS Client\;C:\Program Files\Intel\iCLS Client\;C:\Windows\system32;C:\Windows;C:\Windows\System32\Wbem;C:\Windows\System32\WindowsPowerShell\v1.0\;C:\Program Files\Intel\Intel(R) Management Engine Components\DAL;C:\Program Files\Intel\Intel(R) Management Engine Components\IPT;C:\Program Files (x86)\Intel\Intel(R) Management Engine Components\DAL;C:\Program Files (x86)\Intel\Intel(R) Management Engine Components\IPT;C:\Program Files\Intel\WiFi\bin\;C:\Program Files\Common Files\Intel\WirelessCommon\;C:\Program Files (x86)\Windows Kits\8.1\Windows Performance Toolkit\;C:\Program Files\Microsoft SQL Server\110\Tools\Binn\;C:\Program Files (x86)\Microsoft SDKs\TypeScript\1.0\;C:\Program Files\Microsoft\Web Platform Installer\;C:\Program Files (x86)\CMake\bin;C:\Program Files\TortoiseSVN\bin;C:\Program Files (x86)\Windows Live\Shared;C:\Program Files (x86)\NVIDIA Corporation\PhysX\Common;C:\Program Files (x86)\Brackets\command;C:\Go\bin;C:\nodejs\;C:\Program Files (x86)\Skype\Phone\;C:\Program Files (x86)\Mercurial\;C:\Program Files\Git\cmd;C:\Program Files\Intel\WiFi\bin\;C:\Program Files\Common Files\Intel\WirelessCommon\;C:\Android\sdk\tools;C:\Android\sdk\platform-tools;C:\Users\Maxim\AppData\Roaming\npm;C:\Program Files (x86)\Git\bin;C:\Users\Maxim\AppData\Local\atom\bin;C:\Program Files (x86)\Microsoft VS Code\bin
USERNAME=Maxim
OS=Windows_NT
PROCESSOR_IDENTIFIER=Intel64 Family 6 Model 60 Stepping 3, GenuineIntel



---------------  S Y S T E M  ---------------

OS: Windows 8.1 , 64 bit Build 9600 (6.3.9600.17415)

CPU:total 8 (4 cores per cpu, 2 threads per core) family 6 model 60 stepping 3, cmov, cx8, fxsr, mmx, sse, sse2, sse3, ssse3, sse4.1, sse4.2, popcnt, avx, avx2, aes, clmul, erms, lzcnt, ht, tsc, tscinvbit, bmi1, bmi2

Memory: 4k page, physical 16692004k(1265116k free), swap 19837732k(5064k free)

vm_info: Java HotSpot(TM) 64-Bit Server VM (25.40-b25) for windows-amd64 JRE (1.8.0_40-b26), built on Mar  7 2015 13:51:59 by "java_re" with MS VC++ 10.0 (VS2010)

time: Tue May 24 14:44:13 2016
elapsed time: 3 seconds (0d 0h 0m 3s)

