#
# There is insufficient memory for the Java Runtime Environment to continue.
# Native memory allocation (malloc) failed to allocate 1702016 bytes for Chunk::new
# Possible reasons:
#   The system is out of physical RAM or swap space
#   In 32 bit mode, the process size limit was hit
# Possible solutions:
#   Reduce memory load on the system
#   Increase physical memory or swap space
#   Check if swap backing store is full
#   Use 64 bit Java on a 64 bit OS
#   Decrease Java heap size (-Xmx/-Xms)
#   Decrease number of Java threads
#   Decrease Java thread stack sizes (-Xss)
#   Set larger code cache with -XX:ReservedCodeCacheSize=
# This output file may be truncated or incomplete.
#
#  Out of Memory Error (allocation.cpp:390), pid=12220, tid=20336
#
# JRE version: Java(TM) SE Runtime Environment (8.0_40-b26) (build 1.8.0_40-b26)
# Java VM: Java HotSpot(TM) 64-Bit Server VM (25.40-b25 mixed mode windows-amd64 compressed oops)
# Failed to write core dump. Minidumps are not enabled by default on client versions of Windows
#

---------------  T H R E A D  ---------------

Current thread (0x0000000017211800):  JavaThread "C2 CompilerThread2" daemon [_thread_in_native, id=20336, stack(0x00000000179e0000,0x0000000017ae0000)]

Stack: [0x00000000179e0000,0x0000000017ae0000]
Native frames: (J=compiled Java code, j=interpreted, Vv=VM code, C=native code)
V  [jvm.dll+0x32b47a]
V  [jvm.dll+0x2797f3]
V  [jvm.dll+0x27a489]
V  [jvm.dll+0x2717a5]
V  [jvm.dll+0xcb9a2]
V  [jvm.dll+0xcbe6c]
V  [jvm.dll+0x476ea2]
V  [jvm.dll+0x4b950f]
V  [jvm.dll+0x46bf81]
V  [jvm.dll+0x46ccbe]
V  [jvm.dll+0x4500d2]
V  [jvm.dll+0xa4312]
V  [jvm.dll+0xa4c4f]
V  [jvm.dll+0x241914]
V  [jvm.dll+0x29848a]
C  [msvcr100.dll+0x21d9f]
C  [msvcr100.dll+0x21e3b]
C  [KERNEL32.DLL+0x13d2]
C  [ntdll.dll+0x154e4]


Current CompileTask:
C2:   2367 1171       4       com.android.dx.rop.code.Rops::ropFor (771 bytes)


---------------  P R O C E S S  ---------------

Java Threads: ( => current thread )
  0x00000000172ab800 JavaThread "Service Thread" daemon [_thread_blocked, id=22696, stack(0x0000000017be0000,0x0000000017ce0000)]
  0x000000001721e800 JavaThread "C1 CompilerThread3" daemon [_thread_blocked, id=23208, stack(0x0000000017ae0000,0x0000000017be0000)]
=>0x0000000017211800 JavaThread "C2 CompilerThread2" daemon [_thread_in_native, id=20336, stack(0x00000000179e0000,0x0000000017ae0000)]
  0x000000001720b800 JavaThread "C2 CompilerThread1" daemon [_thread_in_native, id=8268, stack(0x00000000178e0000,0x00000000179e0000)]
  0x0000000017207000 JavaThread "C2 CompilerThread0" daemon [_thread_blocked, id=16456, stack(0x00000000177e0000,0x00000000178e0000)]
  0x0000000017205800 JavaThread "Attach Listener" daemon [_thread_blocked, id=17192, stack(0x00000000176e0000,0x00000000177e0000)]
  0x0000000017204800 JavaThread "Signal Dispatcher" daemon [_thread_blocked, id=15784, stack(0x00000000175e0000,0x00000000176e0000)]
  0x00000000026e9800 JavaThread "Finalizer" daemon [_thread_blocked, id=18216, stack(0x00000000170e0000,0x00000000171e0000)]
  0x000000001520d800 JavaThread "Reference Handler" daemon [_thread_blocked, id=21616, stack(0x0000000016fe0000,0x00000000170e0000)]
  0x00000000024ed800 JavaThread "main" [_thread_in_Java, id=5480, stack(0x00000000024f0000,0x00000000025f0000)]

Other Threads:
  0x0000000015209000 VMThread [stack: 0x0000000016ee0000,0x0000000016fe0000] [id=23464]
  0x00000000172ae000 WatcherThread [stack: 0x0000000017ce0000,0x0000000017de0000] [id=22752]

VM state:not at safepoint (normal execution)

VM Mutex/Monitor currently owned by a thread: None

Heap:
 PSYoungGen      total 76288K, used 51147K [0x00000000eab00000, 0x00000000f0000000, 0x0000000100000000)
  eden space 65536K, 78% used [0x00000000eab00000,0x00000000edcf2ed0,0x00000000eeb00000)
  from space 10752K, 0% used [0x00000000ef580000,0x00000000ef580000,0x00000000f0000000)
  to   space 10752K, 0% used [0x00000000eeb00000,0x00000000eeb00000,0x00000000ef580000)
 ParOldGen       total 175104K, used 0K [0x00000000c0000000, 0x00000000cab00000, 0x00000000eab00000)
  object space 175104K, 0% used [0x00000000c0000000,0x00000000c0000000,0x00000000cab00000)
 Metaspace       used 5441K, capacity 6768K, committed 7040K, reserved 1056768K
  class space    used 544K, capacity 616K, committed 640K, reserved 1048576K

Card table byte_map: [0x0000000011ab0000,0x0000000011cc0000] byte_map_base: 0x00000000114b0000

Marking Bits: (ParMarkBitMap*) 0x0000000066ea4040
 Begin Bits: [0x0000000012620000, 0x0000000013620000)
 End Bits:   [0x0000000013620000, 0x0000000014620000)

Polling page: 0x0000000000d00000

CodeCache: size=245760Kb used=5066Kb max_used=5066Kb free=240693Kb
 bounds [0x00000000026f0000, 0x0000000002bf0000, 0x00000000116f0000]
 total_blobs=1484 nmethods=1219 adapters=177
 compilation: enabled

Compilation events (10 events):
Event: 2.215 Thread 0x000000001721e800 nmethod 1208 0x0000000002bc3e90 code [0x0000000002bc3fe0, 0x0000000002bc40f0]
Event: 2.249 Thread 0x0000000017207000 nmethod 1194 0x0000000002bc9410 code [0x0000000002bc9700, 0x0000000002bcbc60]
Event: 2.249 Thread 0x0000000017207000 1193       4       com.android.dx.ssa.SsaBasicBlock::getRopLabelSuccessorList (57 bytes)
Event: 2.262 Thread 0x0000000017207000 nmethod 1193 0x0000000002bc5050 code [0x0000000002bc51e0, 0x0000000002bc5978]
Event: 2.262 Thread 0x0000000017207000 1198       4       com.android.dx.util.ByteArray::getUnsignedShort (25 bytes)
Event: 2.264 Thread 0x0000000017207000 nmethod 1198 0x0000000002bc6290 code [0x0000000002bc63e0, 0x0000000002bc6538]
Event: 2.264 Thread 0x0000000017207000 1201       4       com.android.dx.ssa.back.FirstFitLocalCombiningAllocator::canMapReg (32 bytes)
Event: 2.268 Thread 0x0000000017207000 nmethod 1201 0x0000000002bc44d0 code [0x0000000002bc4640, 0x0000000002bc4988]
Event: 2.324 Thread 0x000000001721e800 1209       3       com.android.dx.cf.direct.AttributeListParser::parseIfNecessary (12 bytes)
Event: 2.324 Thread 0x000000001721e800 nmethod 1209 0x0000000002bd0c10 code [0x0000000002bd0d80, 0x0000000002bd0f48]

GC Heap History (0 events):
No events

Deoptimization events (10 events):
Event: 0.971 Thread 0x00000000024ed800 Uncommon trap: reason=bimorphic action=maybe_recompile pc=0x0000000002a5225c method=com.android.dx.rop.code.InsnList.contentEquals(Lcom/android/dx/rop/code/InsnList;)Z @ 38
Event: 0.971 Thread 0x00000000024ed800 Uncommon trap: reason=bimorphic action=maybe_recompile pc=0x0000000002a5225c method=com.android.dx.rop.code.InsnList.contentEquals(Lcom/android/dx/rop/code/InsnList;)Z @ 38
Event: 0.971 Thread 0x00000000024ed800 Uncommon trap: reason=bimorphic action=maybe_recompile pc=0x0000000002a617f4 method=com.android.dx.rop.code.InsnList.contentEquals(Lcom/android/dx/rop/code/InsnList;)Z @ 38
Event: 1.058 Thread 0x00000000024ed800 Uncommon trap: reason=unstable_if action=reinterpret pc=0x0000000002adc8a0 method=com.android.dx.util.IntList.binarysearch(I)I @ 26
Event: 1.643 Thread 0x00000000024ed800 Uncommon trap: reason=unstable_if action=reinterpret pc=0x0000000002b3b9b4 method=com.android.dx.ssa.back.InterferenceGraph.ensureCapacity(I)V @ 20
Event: 1.644 Thread 0x00000000024ed800 Uncommon trap: reason=class_check action=maybe_recompile pc=0x0000000002a9c5fc method=com.android.dx.ssa.NormalSsaInsn.accept(Lcom/android/dx/ssa/SsaInsn$Visitor;)V @ 9
Event: 1.644 Thread 0x00000000024ed800 Uncommon trap: reason=class_check action=maybe_recompile pc=0x0000000002a9c5fc method=com.android.dx.ssa.NormalSsaInsn.accept(Lcom/android/dx/ssa/SsaInsn$Visitor;)V @ 9
Event: 1.646 Thread 0x00000000024ed800 Uncommon trap: reason=class_check action=maybe_recompile pc=0x0000000002a9c5fc method=com.android.dx.ssa.NormalSsaInsn.accept(Lcom/android/dx/ssa/SsaInsn$Visitor;)V @ 9
Event: 1.646 Thread 0x00000000024ed800 Uncommon trap: reason=class_check action=maybe_recompile pc=0x0000000002a9c5fc method=com.android.dx.ssa.NormalSsaInsn.accept(Lcom/android/dx/ssa/SsaInsn$Visitor;)V @ 9
Event: 1.648 Thread 0x00000000024ed800 Uncommon trap: reason=class_check action=maybe_recompile pc=0x0000000002a94e8c method=com.android.dx.ssa.NormalSsaInsn.accept(Lcom/android/dx/ssa/SsaInsn$Visitor;)V @ 9

Internal exceptions (4 events):
Event: 0.047 Thread 0x00000000024ed800 Exception <a 'java/lang/NoSuchMethodError': Method sun.misc.Unsafe.defineClass(Ljava/lang/String;[BII)Ljava/lang/Class; name or signature does not match> (0x00000000eab0d8a0) thrown at [D:\re\workspace\8-2-build-windows-amd64-cygwin\jdk8u40\3098\hotspot\sr5¨_Lf)¨?
Event: 0.047 Thread 0x00000000024ed800 Exception <a 'java/lang/NoSuchMethodError': Method sun.misc.Unsafe.prefetchRead(Ljava/lang/Object;J)V name or signature does not match> (0x00000000eab0db30) thrown at [D:\re\workspace\8-2-build-windows-amd64-cygwin\jdk8u40\3098\hotspot\src\share\vm\prims\ja\¤¼E9í?
Event: 0.913 Thread 0x00000000024ed800 Implicit null exception at 0x0000000002a12ced to 0x0000000002a140f5
Event: 0.914 Thread 0x00000000024ed800 Implicit null exception at 0x0000000002a2a774 to 0x0000000002a2c861

Events (10 events):
Event: 1.665 Thread 0x00000000024ed800 DEOPT PACKING pc=0x0000000002aaea61 sp=0x00000000025ee220
Event: 1.665 Thread 0x00000000024ed800 DEOPT UNPACKING pc=0x000000000273787f sp=0x00000000025edf90 mode 0
Event: 1.733 Thread 0x00000000024ed800 DEOPT PACKING pc=0x0000000002b5e04d sp=0x00000000025ee240
Event: 1.733 Thread 0x00000000024ed800 DEOPT UNPACKING pc=0x000000000273787f sp=0x00000000025edf40 mode 0
Event: 1.744 Thread 0x00000000024ed800 DEOPT PACKING pc=0x0000000002ab2b21 sp=0x00000000025ee5f0
Event: 1.744 Thread 0x00000000024ed800 DEOPT UNPACKING pc=0x000000000273787f sp=0x00000000025ee388 mode 0
Event: 2.002 Thread 0x00000000024ed800 DEOPT PACKING pc=0x0000000002ae0e6d sp=0x00000000025ee520
Event: 2.002 Thread 0x00000000024ed800 DEOPT UNPACKING pc=0x000000000273787f sp=0x00000000025ee310 mode 0
Event: 2.012 Thread 0x00000000024ed800 DEOPT PACKING pc=0x00000000029a86a9 sp=0x00000000025ee6b0
Event: 2.012 Thread 0x00000000024ed800 DEOPT UNPACKING pc=0x000000000273787f sp=0x00000000025ee3a8 mode 0


Dynamic libraries:
0x00007ff765c10000 - 0x00007ff765c47000 	C:\Program Files\Java\jdk1.8.0_40\bin\java.exe
0x00007ffec5e90000 - 0x00007ffec603d000 	C:\Windows\SYSTEM32\ntdll.dll
0x00007ffec4460000 - 0x00007ffec459e000 	C:\Windows\system32\KERNEL32.DLL
0x00007ffec3400000 - 0x00007ffec3515000 	C:\Windows\system32\KERNELBASE.dll
0x00007ffec1850000 - 0x00007ffec18de000 	C:\Windows\system32\apphelp.dll
0x00007ffea1750000 - 0x00007ffea17a3000 	C:\Windows\AppPatch\AppPatch64\AcGenral.DLL
0x00007ffec5de0000 - 0x00007ffec5e8a000 	C:\Windows\system32\msvcrt.dll
0x00007ffec3320000 - 0x00007ffec334e000 	C:\Windows\system32\SspiCli.dll
0x00007ffec3fb0000 - 0x00007ffec4004000 	C:\Windows\system32\SHLWAPI.dll
0x00007ffec3840000 - 0x00007ffec39b7000 	C:\Windows\system32\USER32.dll
0x00007ffec42c0000 - 0x00007ffec4454000 	C:\Windows\system32\ole32.dll
0x00007ffec4780000 - 0x00007ffec5caa000 	C:\Windows\system32\SHELL32.dll
0x00007ffec2660000 - 0x00007ffec2681000 	C:\Windows\SYSTEM32\USERENV.dll
0x00007ffec3790000 - 0x00007ffec383a000 	C:\Windows\system32\ADVAPI32.dll
0x00007ffeb7210000 - 0x00007ffeb722e000 	C:\Windows\SYSTEM32\MPR.dll
0x00007ffec3cc0000 - 0x00007ffec3e00000 	C:\Windows\system32\RPCRT4.dll
0x00007ffec3c60000 - 0x00007ffec3cb9000 	C:\Windows\SYSTEM32\sechost.dll
0x00007ffec4020000 - 0x00007ffec4231000 	C:\Windows\SYSTEM32\combase.dll
0x00007ffec3a80000 - 0x00007ffec3bd0000 	C:\Windows\system32\GDI32.dll
0x00007ffec2fc0000 - 0x00007ffec2fd5000 	C:\Windows\SYSTEM32\profapi.dll
0x00007ffec1fb0000 - 0x00007ffec2062000 	C:\Windows\SYSTEM32\SHCORE.dll
0x00007ffec3750000 - 0x00007ffec3786000 	C:\Windows\system32\IMM32.DLL
0x00007ffec35f0000 - 0x00007ffec3742000 	C:\Windows\system32\MSCTF.dll
0x00007ffec0a60000 - 0x00007ffec0cdb000 	C:\Windows\WinSxS\amd64_microsoft.windows.common-controls_6595b64144ccf1df_6.0.9600.18006_none_623f33d3ecbe86e8\COMCTL32.dll
0x0000000066f30000 - 0x0000000067002000 	C:\Program Files\Java\jdk1.8.0_40\jre\bin\msvcr100.dll
0x00000000666a0000 - 0x0000000066f23000 	C:\Program Files\Java\jdk1.8.0_40\jre\bin\server\jvm.dll
0x00007ffeb97a0000 - 0x00007ffeb97a9000 	C:\Windows\SYSTEM32\WSOCK32.dll
0x00007ffebfdb0000 - 0x00007ffebfdd2000 	C:\Windows\SYSTEM32\WINMM.dll
0x00007ffec2650000 - 0x00007ffec265a000 	C:\Windows\SYSTEM32\VERSION.dll
0x00007ffec3c50000 - 0x00007ffec3c57000 	C:\Windows\system32\PSAPI.DLL
0x00007ffec5d80000 - 0x00007ffec5dda000 	C:\Windows\system32\WS2_32.dll
0x00007ffebfc50000 - 0x00007ffebfc7a000 	C:\Windows\SYSTEM32\WINMMBASE.dll
0x00007ffec3c40000 - 0x00007ffec3c49000 	C:\Windows\system32\NSI.dll
0x00007ffec3090000 - 0x00007ffec30df000 	C:\Windows\SYSTEM32\cfgmgr32.dll
0x00007ffec1ac0000 - 0x00007ffec1ae8000 	C:\Windows\SYSTEM32\DEVOBJ.dll
0x0000000066690000 - 0x000000006669f000 	C:\Program Files\Java\jdk1.8.0_40\jre\bin\verify.dll
0x0000000066660000 - 0x0000000066689000 	C:\Program Files\Java\jdk1.8.0_40\jre\bin\java.dll
0x0000000066640000 - 0x0000000066656000 	C:\Program Files\Java\jdk1.8.0_40\jre\bin\zip.dll
0x00007ffebe370000 - 0x00007ffebe4f9000 	C:\Windows\SYSTEM32\dbghelp.dll

VM Arguments:
jvm_args: -Djava.awt.headless=true -Xmx1024M -Dfile.encoding=windows-1252 -Duser.country=US -Duser.language=en -Duser.variant 
java_command: com.android.dx.command.Main --dex --force-jumbo --multi-dex --output C:\Users\Maxim\AndroidStudioProjects\PAGEApp\app\build\intermediates\transforms\dex\debug\folders\1000\5\slice_3 C:\Users\Maxim\AndroidStudioProjects\PAGEApp\app\build\intermediates\transforms\instantRunSlicer\debug\folders\1\5\slice_3
java_class_path (initial): C:\Android\sdk\build-tools\22.0.1\lib\dx.jar
Launcher Type: SUN_STANDARD

Environment Variables:
JAVA_HOME=C:\Program Files\Java\jdk1.8.0_92
PATH=C:\ProgramData\Oracle\Java\javapath;C:\Program Files (x86)\Intel\iCLS Client\;C:\Program Files\Intel\iCLS Client\;C:\Windows\system32;C:\Windows;C:\Windows\System32\Wbem;C:\Windows\System32\WindowsPowerShell\v1.0\;C:\Program Files\Intel\Intel(R) Management Engine Components\DAL;C:\Program Files\Intel\Intel(R) Management Engine Components\IPT;C:\Program Files (x86)\Intel\Intel(R) Management Engine Components\DAL;C:\Program Files (x86)\Intel\Intel(R) Management Engine Components\IPT;C:\Program Files\Intel\WiFi\bin\;C:\Program Files\Common Files\Intel\WirelessCommon\;C:\Program Files (x86)\Windows Kits\8.1\Windows Performance Toolkit\;C:\Program Files\Microsoft SQL Server\110\Tools\Binn\;C:\Program Files (x86)\Microsoft SDKs\TypeScript\1.0\;C:\Program Files\Microsoft\Web Platform Installer\;C:\Program Files (x86)\CMake\bin;C:\Program Files\TortoiseSVN\bin;C:\Program Files (x86)\Windows Live\Shared;C:\Program Files (x86)\NVIDIA Corporation\PhysX\Common;C:\Program Files (x86)\Brackets\command;C:\Go\bin;C:\nodejs\;C:\Program Files (x86)\Skype\Phone\;C:\Program Files (x86)\Mercurial\;C:\Program Files\Git\cmd;C:\Program Files\Intel\WiFi\bin\;C:\Program Files\Common Files\Intel\WirelessCommon\;C:\Android\sdk\tools;C:\Android\sdk\platform-tools;C:\Users\Maxim\AppData\Roaming\npm;C:\Program Files (x86)\Git\bin;C:\Users\Maxim\AppData\Local\atom\bin;C:\Program Files (x86)\Microsoft VS Code\bin
USERNAME=Maxim
OS=Windows_NT
PROCESSOR_IDENTIFIER=Intel64 Family 6 Model 60 Stepping 3, GenuineIntel



---------------  S Y S T E M  ---------------

OS: Windows 8.1 , 64 bit Build 9600 (6.3.9600.17415)

CPU:total 8 (4 cores per cpu, 2 threads per core) family 6 model 60 stepping 3, cmov, cx8, fxsr, mmx, sse, sse2, sse3, ssse3, sse4.1, sse4.2, popcnt, avx, avx2, aes, clmul, erms, lzcnt, ht, tsc, tscinvbit, bmi1, bmi2

Memory: 4k page, physical 16692004k(1182264k free), swap 19837732k(6032k free)

vm_info: Java HotSpot(TM) 64-Bit Server VM (25.40-b25) for windows-amd64 JRE (1.8.0_40-b26), built on Mar  7 2015 13:51:59 by "java_re" with MS VC++ 10.0 (VS2010)

time: Tue May 24 14:07:18 2016
elapsed time: 2 seconds (0d 0h 0m 2s)

