#
# There is insufficient memory for the Java Runtime Environment to continue.
# Native memory allocation (malloc) failed to allocate 842416 bytes for Chunk::new
# Possible reasons:
#   The system is out of physical RAM or swap space
#   In 32 bit mode, the process size limit was hit
# Possible solutions:
#   Reduce memory load on the system
#   Increase physical memory or swap space
#   Check if swap backing store is full
#   Use 64 bit Java on a 64 bit OS
#   Decrease Java heap size (-Xmx/-Xms)
#   Decrease number of Java threads
#   Decrease Java thread stack sizes (-Xss)
#   Set larger code cache with -XX:ReservedCodeCacheSize=
# This output file may be truncated or incomplete.
#
#  Out of Memory Error (allocation.cpp:390), pid=12264, tid=1336
#
# JRE version: Java(TM) SE Runtime Environment (8.0_40-b26) (build 1.8.0_40-b26)
# Java VM: Java HotSpot(TM) 64-Bit Server VM (25.40-b25 mixed mode windows-amd64 compressed oops)
# Failed to write core dump. Minidumps are not enabled by default on client versions of Windows
#

---------------  T H R E A D  ---------------

Current thread (0x00000000174d4000):  JavaThread "C2 CompilerThread0" daemon [_thread_in_native, id=1336, stack(0x0000000017aa0000,0x0000000017ba0000)]

Stack: [0x0000000017aa0000,0x0000000017ba0000]
Native frames: (J=compiled Java code, j=interpreted, Vv=VM code, C=native code)
V  [jvm.dll+0x32b47a]


Current CompileTask:
C2:   5058 1519       4       com.android.dx.rop.code.LocalVariableExtractor::processBlock (327 bytes)


---------------  P R O C E S S  ---------------

Java Threads: ( => current thread )
  0x00000000174ce000 JavaThread "Service Thread" daemon [_thread_blocked, id=22476, stack(0x0000000017ea0000,0x0000000017fa0000)]
  0x000000001752b800 JavaThread "C1 CompilerThread3" daemon [_thread_blocked, id=15952, stack(0x0000000017da0000,0x0000000017ea0000)]
  0x00000000174cc000 JavaThread "C2 CompilerThread2" daemon [_thread_in_native, id=18496, stack(0x0000000017ca0000,0x0000000017da0000)]
  0x00000000174d6800 JavaThread "C2 CompilerThread1" daemon [_thread_in_native, id=17280, stack(0x0000000017ba0000,0x0000000017ca0000)]
=>0x00000000174d4000 JavaThread "C2 CompilerThread0" daemon [_thread_in_native, id=1336, stack(0x0000000017aa0000,0x0000000017ba0000)]
  0x00000000174d2000 JavaThread "Attach Listener" daemon [_thread_blocked, id=5180, stack(0x00000000179a0000,0x0000000017aa0000)]
  0x00000000174d1800 JavaThread "Signal Dispatcher" daemon [_thread_blocked, id=14000, stack(0x00000000178a0000,0x00000000179a0000)]
  0x00000000029ba000 JavaThread "Finalizer" daemon [_thread_blocked, id=21020, stack(0x00000000173a0000,0x00000000174a0000)]
  0x00000000029b2000 JavaThread "Reference Handler" daemon [_thread_blocked, id=6408, stack(0x00000000172a0000,0x00000000173a0000)]
  0x00000000028bd800 JavaThread "main" [_thread_in_Java, id=21448, stack(0x00000000027a0000,0x00000000028a0000)]

Other Threads:
  0x00000000154d9800 VMThread [stack: 0x00000000171a0000,0x00000000172a0000] [id=20400]
  0x000000001756a800 WatcherThread [stack: 0x0000000017fa0000,0x00000000180a0000] [id=21428]

VM state:not at safepoint (normal execution)

VM Mutex/Monitor currently owned by a thread: None

Heap:
 PSYoungGen      total 76288K, used 45879K [0x00000000eab00000, 0x00000000f0000000, 0x0000000100000000)
  eden space 65536K, 70% used [0x00000000eab00000,0x00000000ed7cdc28,0x00000000eeb00000)
  from space 10752K, 0% used [0x00000000ef580000,0x00000000ef580000,0x00000000f0000000)
  to   space 10752K, 0% used [0x00000000eeb00000,0x00000000eeb00000,0x00000000ef580000)
 ParOldGen       total 175104K, used 0K [0x00000000c0000000, 0x00000000cab00000, 0x00000000eab00000)
  object space 175104K, 0% used [0x00000000c0000000,0x00000000c0000000,0x00000000cab00000)
 Metaspace       used 5802K, capacity 7024K, committed 7296K, reserved 1056768K
  class space    used 555K, capacity 616K, committed 640K, reserved 1048576K

Card table byte_map: [0x0000000011d80000,0x0000000011f90000] byte_map_base: 0x0000000011780000

Marking Bits: (ParMarkBitMap*) 0x0000000066ea4040
 Begin Bits: [0x00000000128f0000, 0x00000000138f0000)
 End Bits:   [0x00000000138f0000, 0x00000000148f0000)

Polling page: 0x0000000001010000

CodeCache: size=245760Kb used=6939Kb max_used=6939Kb free=238820Kb
 bounds [0x00000000029c0000, 0x0000000003090000, 0x00000000119c0000]
 total_blobs=1802 nmethods=1536 adapters=178
 compilation: enabled

Compilation events (10 events):
Event: 4.885 Thread 0x000000001752b800 1546       3       com.android.dx.cf.direct.StdAttributeFactory::localVariableTable (98 bytes)
Event: 4.887 Thread 0x000000001752b800 nmethod 1546 0x000000000307d950 code [0x000000000307dc00, 0x000000000307ed58]
Event: 4.887 Thread 0x000000001752b800 1547       3       com.android.dx.rop.annotation.Annotations::add (75 bytes)
Event: 4.888 Thread 0x000000001752b800 nmethod 1547 0x000000000307f910 code [0x000000000307fb80, 0x0000000003080aa8]
Event: 4.955 Thread 0x00000000174d6800 nmethod 1506 0x0000000003084850 code [0x0000000003084d20, 0x00000000030875a0]
Event: 4.960 Thread 0x00000000174d6800 1542       4       com.android.dx.ssa.back.LivenessAnalyzer::run (231 bytes)
Event: 5.001 Thread 0x000000001752b800 1549  s    3       com.android.dx.dex.file.FieldIdsSection::intern (55 bytes)
Event: 5.002 Thread 0x000000001752b800 nmethod 1549 0x0000000003083210 code [0x0000000003083440, 0x0000000003084148]
Event: 5.015 Thread 0x000000001752b800 1551       3       com.android.dx.rop.cst.StdConstantPool::get0Ok (12 bytes)
Event: 5.016 Thread 0x000000001752b800 nmethod 1551 0x000000000308c550 code [0x000000000308c800, 0x000000000308d998]

GC Heap History (0 events):
No events

Deoptimization events (10 events):
Event: 3.769 Thread 0x00000000028bd800 Uncommon trap: reason=uninitialized action=reinterpret pc=0x0000000002f1a870 method=com.android.dx.cf.code.BytecodeArray.parseInstruction(ILcom/android/dx/cf/code/BytecodeArray$Visitor;)I @ 999
Event: 3.842 Thread 0x00000000028bd800 Uncommon trap: reason=bimorphic action=maybe_recompile pc=0x0000000002f90a2c method=com.android.dx.ssa.LiteralOpUpgrader.tryReplacingWithConstant(Lcom/android/dx/ssa/NormalSsaInsn;)Z @ 52
Event: 3.842 Thread 0x00000000028bd800 Uncommon trap: reason=unstable_if action=reinterpret pc=0x0000000002e0669c method=com.android.dx.rop.cst.Constant.compareTo(Lcom/android/dx/rop/cst/Constant;)I @ 12
Event: 3.843 Thread 0x00000000028bd800 Uncommon trap: reason=unstable_if action=reinterpret pc=0x0000000002f61f40 method=com.android.dx.rop.code.DexTranslationAdvice.requiresSourcesInOrder(Lcom/android/dx/rop/code/Rop;Lcom/android/dx/rop/code/RegisterSpecList;)Z @ 21
Event: 4.025 Thread 0x00000000028bd800 Uncommon trap: reason=unstable_if action=reinterpret pc=0x0000000002fb9464 method=com.android.dx.dex.code.RopToDop.dopFor(Lcom/android/dx/rop/code/Insn;)Lcom/android/dx/dex/code/Dop; @ 747
Event: 4.538 Thread 0x00000000028bd800 Uncommon trap: reason=bimorphic action=maybe_recompile pc=0x0000000002dba308 method=java.util.HashMap.getNode(ILjava/lang/Object;)Ljava/util/HashMap$Node; @ 126
Event: 4.556 Thread 0x00000000028bd800 Uncommon trap: reason=bimorphic action=maybe_recompile pc=0x0000000003025534 method=com.android.dx.cf.code.RopperMachine.run(Lcom/android/dx/cf/code/Frame;II)V @ 988
Event: 4.556 Thread 0x00000000028bd800 Uncommon trap: reason=bimorphic action=maybe_recompile pc=0x0000000003025534 method=com.android.dx.cf.code.RopperMachine.run(Lcom/android/dx/cf/code/Frame;II)V @ 988
Event: 4.556 Thread 0x00000000028bd800 Uncommon trap: reason=bimorphic action=maybe_recompile pc=0x0000000003025534 method=com.android.dx.cf.code.RopperMachine.run(Lcom/android/dx/cf/code/Frame;II)V @ 988
Event: 4.556 Thread 0x00000000028bd800 Uncommon trap: reason=bimorphic action=maybe_recompile pc=0x0000000003025534 method=com.android.dx.cf.code.RopperMachine.run(Lcom/android/dx/cf/code/Frame;II)V @ 988

Internal exceptions (4 events):
Event: 0.164 Thread 0x00000000028bd800 Exception <a 'java/lang/NoSuchMethodError': Method sun.misc.Unsafe.defineClass(Ljava/lang/String;[BII)Ljava/lang/Class; name or signature does not match> (0x00000000eab0dc28) thrown at [D:\re\workspace\8-2-build-windows-amd64-cygwin\jdk8u40\3098\hotspot\srU•Ù;?	≈?
Event: 0.164 Thread 0x00000000028bd800 Exception <a 'java/lang/NoSuchMethodError': Method sun.misc.Unsafe.prefetchRead(Ljava/lang/Object;J)V name or signature does not match> (0x00000000eab0deb8) thrown at [D:\re\workspace\8-2-build-windows-amd64-cygwin\jdk8u40\3098\hotspot\src\share\vm\prims\já‰Õz·@
Event: 2.360 Thread 0x00000000028bd800 Implicit null exception at 0x0000000002dd34b7 to 0x0000000002dd4cc1
Event: 2.458 Thread 0x00000000028bd800 Implicit null exception at 0x0000000002dd8d2c to 0x0000000002dda1f1

Events (10 events):
Event: 4.556 Thread 0x00000000028bd800 DEOPT UNPACKING pc=0x0000000002a0582a sp=0x000000000289df28 mode 2
Event: 4.556 Thread 0x00000000028bd800 Uncommon trap: trap_request=0xffffffc6 fr.pc=0x0000000003025534
Event: 4.556 Thread 0x00000000028bd800 DEOPT PACKING pc=0x0000000003025534 sp=0x000000000289df60
Event: 4.556 Thread 0x00000000028bd800 DEOPT UNPACKING pc=0x0000000002a0582a sp=0x000000000289df28 mode 2
Event: 4.567 loading class com/android/dx/dex/file/ParameterAnnotationStruct
Event: 4.567 loading class com/android/dx/dex/file/ParameterAnnotationStruct done
Event: 4.580 loading class com/android/dx/dex/file/UniformListItem
Event: 4.580 loading class com/android/dx/dex/file/UniformListItem done
Event: 4.581 loading class com/android/dx/dex/file/AnnotationSetRefItem
Event: 4.581 loading class com/android/dx/dex/file/AnnotationSetRefItem done


Dynamic libraries:
0x00007ff765c10000 - 0x00007ff765c47000 	C:\Program Files\Java\jdk1.8.0_40\bin\java.exe
0x00007ffec5e90000 - 0x00007ffec603d000 	C:\Windows\SYSTEM32\ntdll.dll
0x00007ffec4460000 - 0x00007ffec459e000 	C:\Windows\system32\KERNEL32.DLL
0x00007ffec3400000 - 0x00007ffec3515000 	C:\Windows\system32\KERNELBASE.dll
0x00007ffec1850000 - 0x00007ffec18de000 	C:\Windows\system32\apphelp.dll
0x00007ffea1750000 - 0x00007ffea17a3000 	C:\Windows\AppPatch\AppPatch64\AcGenral.DLL
0x00007ffec5de0000 - 0x00007ffec5e8a000 	C:\Windows\system32\msvcrt.dll
0x00007ffec3320000 - 0x00007ffec334e000 	C:\Windows\system32\SspiCli.dll
0x00007ffec3fb0000 - 0x00007ffec4004000 	C:\Windows\system32\SHLWAPI.dll
0x00007ffec3840000 - 0x00007ffec39b7000 	C:\Windows\system32\USER32.dll
0x00007ffec42c0000 - 0x00007ffec4454000 	C:\Windows\system32\ole32.dll
0x00007ffec4780000 - 0x00007ffec5caa000 	C:\Windows\system32\SHELL32.dll
0x00007ffec2660000 - 0x00007ffec2681000 	C:\Windows\SYSTEM32\USERENV.dll
0x00007ffec3790000 - 0x00007ffec383a000 	C:\Windows\system32\ADVAPI32.dll
0x00007ffeb7210000 - 0x00007ffeb722e000 	C:\Windows\SYSTEM32\MPR.dll
0x00007ffec3cc0000 - 0x00007ffec3e00000 	C:\Windows\system32\RPCRT4.dll
0x00007ffec3c60000 - 0x00007ffec3cb9000 	C:\Windows\SYSTEM32\sechost.dll
0x00007ffec4020000 - 0x00007ffec4231000 	C:\Windows\SYSTEM32\combase.dll
0x00007ffec3a80000 - 0x00007ffec3bd0000 	C:\Windows\system32\GDI32.dll
0x00007ffec2fc0000 - 0x00007ffec2fd5000 	C:\Windows\SYSTEM32\profapi.dll
0x00007ffec1fb0000 - 0x00007ffec2062000 	C:\Windows\SYSTEM32\SHCORE.dll
0x00007ffec3750000 - 0x00007ffec3786000 	C:\Windows\system32\IMM32.DLL
0x00007ffec35f0000 - 0x00007ffec3742000 	C:\Windows\system32\MSCTF.dll
0x00007ffec0a60000 - 0x00007ffec0cdb000 	C:\Windows\WinSxS\amd64_microsoft.windows.common-controls_6595b64144ccf1df_6.0.9600.18006_none_623f33d3ecbe86e8\COMCTL32.dll
0x0000000066f30000 - 0x0000000067002000 	C:\Program Files\Java\jdk1.8.0_40\jre\bin\msvcr100.dll
0x00000000666a0000 - 0x0000000066f23000 	C:\Program Files\Java\jdk1.8.0_40\jre\bin\server\jvm.dll
0x00007ffeb97a0000 - 0x00007ffeb97a9000 	C:\Windows\SYSTEM32\WSOCK32.dll
0x00007ffebfdb0000 - 0x00007ffebfdd2000 	C:\Windows\SYSTEM32\WINMM.dll
0x00007ffec2650000 - 0x00007ffec265a000 	C:\Windows\SYSTEM32\VERSION.dll
0x00007ffec3c50000 - 0x00007ffec3c57000 	C:\Windows\system32\PSAPI.DLL
0x00007ffec5d80000 - 0x00007ffec5dda000 	C:\Windows\system32\WS2_32.dll
0x00007ffebfc50000 - 0x00007ffebfc7a000 	C:\Windows\SYSTEM32\WINMMBASE.dll
0x00007ffec3c40000 - 0x00007ffec3c49000 	C:\Windows\system32\NSI.dll
0x00007ffec3090000 - 0x00007ffec30df000 	C:\Windows\SYSTEM32\cfgmgr32.dll
0x00007ffec1ac0000 - 0x00007ffec1ae8000 	C:\Windows\SYSTEM32\DEVOBJ.dll
0x0000000066690000 - 0x000000006669f000 	C:\Program Files\Java\jdk1.8.0_40\jre\bin\verify.dll
0x0000000066660000 - 0x0000000066689000 	C:\Program Files\Java\jdk1.8.0_40\jre\bin\java.dll
0x0000000066640000 - 0x0000000066656000 	C:\Program Files\Java\jdk1.8.0_40\jre\bin\zip.dll

VM Arguments:
jvm_args: -Djava.awt.headless=true -Xmx1024M -Dfile.encoding=windows-1252 -Duser.country=US -Duser.language=en -Duser.variant 
java_command: com.android.dx.command.Main --dex --force-jumbo --multi-dex --output C:\Users\Maxim\AndroidStudioProjects\PAGEApp\app\build\intermediates\transforms\dex\debug\folders\1000\10\com.android.support-support-v4-23.4.0_e1f675f5a54839139f5ee35b9b5e69cc570f9fd9 C:\Users\Maxim\AndroidStudioProjects\PAGEApp\app\build\intermediates\exploded-aar\com.android.support\support-v4\23.4.0\jars\classes.jar
java_class_path (initial): C:\Android\sdk\build-tools\22.0.1\lib\dx.jar
Launcher Type: SUN_STANDARD

Environment Variables:
JAVA_HOME=C:\Program Files\Java\jdk1.8.0_92
PATH=C:\ProgramData\Oracle\Java\javapath;C:\Program Files (x86)\Intel\iCLS Client\;C:\Program Files\Intel\iCLS Client\;C:\Windows\system32;C:\Windows;C:\Windows\System32\Wbem;C:\Windows\System32\WindowsPowerShell\v1.0\;C:\Program Files\Intel\Intel(R) Management Engine Components\DAL;C:\Program Files\Intel\Intel(R) Management Engine Components\IPT;C:\Program Files (x86)\Intel\Intel(R) Management Engine Components\DAL;C:\Program Files (x86)\Intel\Intel(R) Management Engine Components\IPT;C:\Program Files\Intel\WiFi\bin\;C:\Program Files\Common Files\Intel\WirelessCommon\;C:\Program Files (x86)\Windows Kits\8.1\Windows Performance Toolkit\;C:\Program Files\Microsoft SQL Server\110\Tools\Binn\;C:\Program Files (x86)\Microsoft SDKs\TypeScript\1.0\;C:\Program Files\Microsoft\Web Platform Installer\;C:\Program Files (x86)\CMake\bin;C:\Program Files\TortoiseSVN\bin;C:\Program Files (x86)\Windows Live\Shared;C:\Program Files (x86)\NVIDIA Corporation\PhysX\Common;C:\Program Files (x86)\Brackets\command;C:\Go\bin;C:\nodejs\;C:\Program Files (x86)\Skype\Phone\;C:\Program Files (x86)\Mercurial\;C:\Program Files\Git\cmd;C:\Program Files\Intel\WiFi\bin\;C:\Program Files\Common Files\Intel\WirelessCommon\;C:\Android\sdk\tools;C:\Android\sdk\platform-tools;C:\Users\Maxim\AppData\Roaming\npm;C:\Program Files (x86)\Git\bin;C:\Users\Maxim\AppData\Local\atom\bin;C:\Program Files (x86)\Microsoft VS Code\bin
USERNAME=Maxim
OS=Windows_NT
PROCESSOR_IDENTIFIER=Intel64 Family 6 Model 60 Stepping 3, GenuineIntel



---------------  S Y S T E M  ---------------

OS: Windows 8.1 , 64 bit Build 9600 (6.3.9600.17415)

CPU:total 8 (4 cores per cpu, 2 threads per core) family 6 model 60 stepping 3, cmov, cx8, fxsr, mmx, sse, sse2, sse3, ssse3, sse4.1, sse4.2, popcnt, avx, avx2, aes, clmul, erms, lzcnt, ht, tsc, tscinvbit, bmi1, bmi2

Memory: 4k page, physical 16692004k(1187580k free), swap 19837732k(4980k free)

vm_info: Java HotSpot(TM) 64-Bit Server VM (25.40-b25) for windows-amd64 JRE (1.8.0_40-b26), built on Mar  7 2015 13:51:59 by "java_re" with MS VC++ 10.0 (VS2010)

time: Tue May 24 14:07:22 2016
elapsed time: 5 seconds (0d 0h 0m 5s)

